mode: atomic
github.com/masa-finance/masa-oracle/docs/docs.go:587.13,589.2 1 0
github.com/masa-finance/masa-oracle/cmd/tagger/main.go:36.53,38.45 1 0
github.com/masa-finance/masa-oracle/cmd/tagger/main.go:38.45,40.3 1 0
github.com/masa-finance/masa-oracle/cmd/tagger/main.go:43.2,43.68 1 0
github.com/masa-finance/masa-oracle/cmd/tagger/main.go:43.68,45.3 1 0
github.com/masa-finance/masa-oracle/cmd/tagger/main.go:47.2,47.56 1 0
github.com/masa-finance/masa-oracle/cmd/tagger/main.go:47.56,49.3 1 0
github.com/masa-finance/masa-oracle/cmd/tagger/main.go:50.2,50.12 1 0
github.com/masa-finance/masa-oracle/cmd/tagger/main.go:53.72,55.45 1 0
github.com/masa-finance/masa-oracle/cmd/tagger/main.go:55.45,57.3 1 0
github.com/masa-finance/masa-oracle/cmd/tagger/main.go:60.2,60.54 1 0
github.com/masa-finance/masa-oracle/cmd/tagger/main.go:60.54,62.3 1 0
github.com/masa-finance/masa-oracle/cmd/tagger/main.go:65.2,65.73 1 0
github.com/masa-finance/masa-oracle/cmd/tagger/main.go:65.73,67.3 1 0
github.com/masa-finance/masa-oracle/cmd/tagger/main.go:70.2,70.68 1 0
github.com/masa-finance/masa-oracle/cmd/tagger/main.go:70.68,72.3 1 0
github.com/masa-finance/masa-oracle/cmd/tagger/main.go:73.2,73.12 1 0
github.com/masa-finance/masa-oracle/cmd/tagger/main.go:76.51,78.45 1 0
github.com/masa-finance/masa-oracle/cmd/tagger/main.go:78.45,80.3 1 0
github.com/masa-finance/masa-oracle/cmd/tagger/main.go:81.2,81.106 1 0
github.com/masa-finance/masa-oracle/cmd/tagger/main.go:81.106,83.3 1 0
github.com/masa-finance/masa-oracle/cmd/tagger/main.go:86.2,86.60 1 0
github.com/masa-finance/masa-oracle/cmd/tagger/main.go:86.60,88.3 1 0
github.com/masa-finance/masa-oracle/cmd/tagger/main.go:89.2,89.12 1 0
github.com/masa-finance/masa-oracle/cmd/tagger/main.go:92.55,98.2 5 0
github.com/masa-finance/masa-oracle/cmd/tagger/main.go:100.80,101.22 1 0
github.com/masa-finance/masa-oracle/cmd/tagger/main.go:101.22,103.17 2 0
github.com/masa-finance/masa-oracle/cmd/tagger/main.go:103.17,105.4 1 0
github.com/masa-finance/masa-oracle/cmd/tagger/main.go:106.3,106.68 1 0
github.com/masa-finance/masa-oracle/cmd/tagger/main.go:108.2,109.16 2 0
github.com/masa-finance/masa-oracle/cmd/tagger/main.go:109.16,111.3 1 0
github.com/masa-finance/masa-oracle/cmd/tagger/main.go:112.2,113.16 2 0
github.com/masa-finance/masa-oracle/cmd/tagger/main.go:113.16,115.3 1 0
github.com/masa-finance/masa-oracle/cmd/tagger/main.go:116.2,117.16 2 0
github.com/masa-finance/masa-oracle/cmd/tagger/main.go:117.16,119.3 1 0
github.com/masa-finance/masa-oracle/cmd/tagger/main.go:120.2,120.12 1 0
github.com/masa-finance/masa-oracle/cmd/tagger/main.go:123.13,134.82 6 0
github.com/masa-finance/masa-oracle/cmd/tagger/main.go:134.82,138.3 3 0
github.com/masa-finance/masa-oracle/cmd/tagger/main.go:141.2,142.16 2 0
github.com/masa-finance/masa-oracle/cmd/tagger/main.go:142.16,144.3 1 0
github.com/masa-finance/masa-oracle/cmd/tagger/main.go:144.8,146.3 1 0
github.com/masa-finance/masa-oracle/pkg/api/api.go:24.146,26.25 2 0
github.com/masa-finance/masa-oracle/pkg/api/api.go:26.25,28.3 1 0
github.com/masa-finance/masa-oracle/pkg/api/api.go:28.8,30.3 1 0
github.com/masa-finance/masa-oracle/pkg/api/api.go:32.2,40.12 3 0
github.com/masa-finance/masa-oracle/pkg/api/api.go:46.61,48.9 2 0
github.com/masa-finance/masa-oracle/pkg/api/api.go:48.9,50.3 1 0
github.com/masa-finance/masa-oracle/pkg/api/api.go:51.2,51.26 1 0
github.com/masa-finance/masa-oracle/pkg/api/config.go:18.39,22.2 2 0
github.com/masa-finance/masa-oracle/pkg/api/handlers_data.go:54.127,62.13 4 0
github.com/masa-finance/masa-oracle/pkg/api/handlers_data.go:62.13,64.3 1 0
github.com/masa-finance/masa-oracle/pkg/api/handlers_data.go:65.2,65.9 1 0
github.com/masa-finance/masa-oracle/pkg/api/handlers_data.go:66.35,67.12 1 0
github.com/masa-finance/masa-oracle/pkg/api/handlers_data.go:69.10,71.78 1 0
github.com/masa-finance/masa-oracle/pkg/api/handlers_data.go:73.2,73.12 1 0
github.com/masa-finance/masa-oracle/pkg/api/handlers_data.go:84.104,86.16 2 0
github.com/masa-finance/masa-oracle/pkg/api/handlers_data.go:86.16,89.3 2 0
github.com/masa-finance/masa-oracle/pkg/api/handlers_data.go:91.2,91.9 1 0
github.com/masa-finance/masa-oracle/pkg/api/handlers_data.go:92.32,93.34 1 0
github.com/masa-finance/masa-oracle/pkg/api/handlers_data.go:94.47,95.19 1 0
github.com/masa-finance/masa-oracle/pkg/api/handlers_data.go:96.18,96.18 0 0
github.com/masa-finance/masa-oracle/pkg/api/handlers_data.go:101.91,104.26 2 0
github.com/masa-finance/masa-oracle/pkg/api/handlers_data.go:104.26,107.3 2 0
github.com/masa-finance/masa-oracle/pkg/api/handlers_data.go:109.2,109.26 1 0
github.com/masa-finance/masa-oracle/pkg/api/handlers_data.go:109.26,115.3 2 0
github.com/masa-finance/masa-oracle/pkg/api/handlers_data.go:117.2,117.33 1 0
github.com/masa-finance/masa-oracle/pkg/api/handlers_data.go:120.76,123.52 2 0
github.com/masa-finance/masa-oracle/pkg/api/handlers_data.go:123.52,129.3 1 0
github.com/masa-finance/masa-oracle/pkg/api/handlers_data.go:131.2,131.9 1 0
github.com/masa-finance/masa-oracle/pkg/api/handlers_data.go:132.87,133.79 1 0
github.com/masa-finance/masa-oracle/pkg/api/handlers_data.go:134.68,135.94 1 0
github.com/masa-finance/masa-oracle/pkg/api/handlers_data.go:136.10,137.98 1 0
github.com/masa-finance/masa-oracle/pkg/api/handlers_data.go:141.61,144.2 2 0
github.com/masa-finance/masa-oracle/pkg/api/handlers_data.go:146.36,148.2 1 0
github.com/masa-finance/masa-oracle/pkg/api/handlers_data.go:155.55,156.30 1 0
github.com/masa-finance/masa-oracle/pkg/api/handlers_data.go:156.30,160.32 2 0
github.com/masa-finance/masa-oracle/pkg/api/handlers_data.go:160.32,163.4 2 0
github.com/masa-finance/masa-oracle/pkg/api/handlers_data.go:164.3,168.17 3 0
github.com/masa-finance/masa-oracle/pkg/api/handlers_data.go:168.17,170.4 1 0
github.com/masa-finance/masa-oracle/pkg/api/handlers_data.go:172.3,180.17 8 0
github.com/masa-finance/masa-oracle/pkg/api/handlers_data.go:180.17,182.4 1 0
github.com/masa-finance/masa-oracle/pkg/api/handlers_data.go:183.3,183.12 1 0
github.com/masa-finance/masa-oracle/pkg/api/handlers_data.go:192.54,193.30 1 0
github.com/masa-finance/masa-oracle/pkg/api/handlers_data.go:193.30,199.52 2 0
github.com/masa-finance/masa-oracle/pkg/api/handlers_data.go:199.52,202.4 2 0
github.com/masa-finance/masa-oracle/pkg/api/handlers_data.go:204.3,204.48 1 0
github.com/masa-finance/masa-oracle/pkg/api/handlers_data.go:204.48,207.4 2 0
github.com/masa-finance/masa-oracle/pkg/api/handlers_data.go:209.3,210.17 2 0
github.com/masa-finance/masa-oracle/pkg/api/handlers_data.go:210.17,212.4 1 0
github.com/masa-finance/masa-oracle/pkg/api/handlers_data.go:214.3,222.17 8 0
github.com/masa-finance/masa-oracle/pkg/api/handlers_data.go:222.17,224.4 1 0
github.com/masa-finance/masa-oracle/pkg/api/handlers_data.go:225.3,225.12 1 0
github.com/masa-finance/masa-oracle/pkg/api/handlers_data.go:234.58,235.30 1 0
github.com/masa-finance/masa-oracle/pkg/api/handlers_data.go:235.30,242.21 3 0
github.com/masa-finance/masa-oracle/pkg/api/handlers_data.go:242.21,245.4 2 0
github.com/masa-finance/masa-oracle/pkg/api/handlers_data.go:246.3,247.25 2 0
github.com/masa-finance/masa-oracle/pkg/api/handlers_data.go:247.25,249.4 1 0
github.com/masa-finance/masa-oracle/pkg/api/handlers_data.go:252.3,253.17 2 0
github.com/masa-finance/masa-oracle/pkg/api/handlers_data.go:253.17,255.4 1 0
github.com/masa-finance/masa-oracle/pkg/api/handlers_data.go:257.3,265.17 8 0
github.com/masa-finance/masa-oracle/pkg/api/handlers_data.go:265.17,267.4 1 0
github.com/masa-finance/masa-oracle/pkg/api/handlers_data.go:268.3,268.12 1 0
github.com/masa-finance/masa-oracle/pkg/api/handlers_data.go:277.56,278.30 1 0
github.com/masa-finance/masa-oracle/pkg/api/handlers_data.go:278.30,285.27 3 0
github.com/masa-finance/masa-oracle/pkg/api/handlers_data.go:285.27,288.4 2 0
github.com/masa-finance/masa-oracle/pkg/api/handlers_data.go:291.3,292.17 2 0
github.com/masa-finance/masa-oracle/pkg/api/handlers_data.go:292.17,294.4 1 0
github.com/masa-finance/masa-oracle/pkg/api/handlers_data.go:296.3,304.17 8 0
github.com/masa-finance/masa-oracle/pkg/api/handlers_data.go:304.17,306.4 1 0
github.com/masa-finance/masa-oracle/pkg/api/handlers_data.go:307.3,307.12 1 0
github.com/masa-finance/masa-oracle/pkg/api/handlers_data.go:312.57,313.30 1 0
github.com/masa-finance/masa-oracle/pkg/api/handlers_data.go:313.30,321.32 3 0
github.com/masa-finance/masa-oracle/pkg/api/handlers_data.go:321.32,324.4 2 0
github.com/masa-finance/masa-oracle/pkg/api/handlers_data.go:326.3,329.28 3 0
github.com/masa-finance/masa-oracle/pkg/api/handlers_data.go:329.28,330.59 1 0
github.com/masa-finance/masa-oracle/pkg/api/handlers_data.go:330.59,333.5 2 0
github.com/masa-finance/masa-oracle/pkg/api/handlers_data.go:337.3,338.17 2 0
github.com/masa-finance/masa-oracle/pkg/api/handlers_data.go:338.17,341.4 2 0
github.com/masa-finance/masa-oracle/pkg/api/handlers_data.go:343.3,351.17 8 0
github.com/masa-finance/masa-oracle/pkg/api/handlers_data.go:351.17,354.4 2 0
github.com/masa-finance/masa-oracle/pkg/api/handlers_data.go:355.3,355.12 1 0
github.com/masa-finance/masa-oracle/pkg/api/handlers_data.go:360.55,361.30 1 0
github.com/masa-finance/masa-oracle/pkg/api/handlers_data.go:361.30,368.28 3 0
github.com/masa-finance/masa-oracle/pkg/api/handlers_data.go:368.28,371.4 2 0
github.com/masa-finance/masa-oracle/pkg/api/handlers_data.go:374.3,375.17 2 0
github.com/masa-finance/masa-oracle/pkg/api/handlers_data.go:375.17,377.4 1 0
github.com/masa-finance/masa-oracle/pkg/api/handlers_data.go:379.3,387.17 8 0
github.com/masa-finance/masa-oracle/pkg/api/handlers_data.go:387.17,389.4 1 0
github.com/masa-finance/masa-oracle/pkg/api/handlers_data.go:390.3,390.12 1 0
github.com/masa-finance/masa-oracle/pkg/api/handlers_data.go:395.52,396.30 1 0
github.com/masa-finance/masa-oracle/pkg/api/handlers_data.go:396.30,401.17 3 0
github.com/masa-finance/masa-oracle/pkg/api/handlers_data.go:401.17,403.4 1 0
github.com/masa-finance/masa-oracle/pkg/api/handlers_data.go:405.3,413.17 8 0
github.com/masa-finance/masa-oracle/pkg/api/handlers_data.go:413.17,415.4 1 0
github.com/masa-finance/masa-oracle/pkg/api/handlers_data.go:416.3,416.12 1 0
github.com/masa-finance/masa-oracle/pkg/api/handlers_data.go:421.51,422.30 1 0
github.com/masa-finance/masa-oracle/pkg/api/handlers_data.go:422.30,439.27 7 0
github.com/masa-finance/masa-oracle/pkg/api/handlers_data.go:439.27,440.35 1 0
github.com/masa-finance/masa-oracle/pkg/api/handlers_data.go:440.35,446.42 4 0
github.com/masa-finance/masa-oracle/pkg/api/handlers_data.go:446.42,448.20 2 0
github.com/masa-finance/masa-oracle/pkg/api/handlers_data.go:448.20,449.12 1 0
github.com/masa-finance/masa-oracle/pkg/api/handlers_data.go:452.5,452.21 1 0
github.com/masa-finance/masa-oracle/pkg/api/handlers_data.go:452.21,455.6 2 0
github.com/masa-finance/masa-oracle/pkg/api/handlers_data.go:457.5,461.19 3 0
github.com/masa-finance/masa-oracle/pkg/api/handlers_data.go:461.19,464.6 2 0
github.com/masa-finance/masa-oracle/pkg/api/handlers_data.go:466.5,466.36 1 0
github.com/masa-finance/masa-oracle/pkg/api/handlers_data.go:466.36,468.20 2 0
github.com/masa-finance/masa-oracle/pkg/api/handlers_data.go:468.20,470.7 1 0
github.com/masa-finance/masa-oracle/pkg/api/handlers_data.go:472.5,473.19 2 0
github.com/masa-finance/masa-oracle/pkg/api/handlers_data.go:473.19,476.6 2 0
github.com/masa-finance/masa-oracle/pkg/api/handlers_data.go:479.5,480.61 2 0
github.com/masa-finance/masa-oracle/pkg/api/handlers_data.go:480.61,483.6 2 0
github.com/masa-finance/masa-oracle/pkg/api/handlers_data.go:486.5,487.12 2 0
github.com/masa-finance/masa-oracle/pkg/api/handlers_data.go:487.12,490.6 2 0
github.com/masa-finance/masa-oracle/pkg/api/handlers_data.go:492.5,493.19 2 0
github.com/masa-finance/masa-oracle/pkg/api/handlers_data.go:493.19,496.6 2 0
github.com/masa-finance/masa-oracle/pkg/api/handlers_data.go:498.5,499.64 2 0
github.com/masa-finance/masa-oracle/pkg/api/handlers_data.go:499.64,502.6 2 0
github.com/masa-finance/masa-oracle/pkg/api/handlers_data.go:505.5,507.19 3 0
github.com/masa-finance/masa-oracle/pkg/api/handlers_data.go:512.3,515.25 3 0
github.com/masa-finance/masa-oracle/pkg/api/handlers_data.go:515.25,519.4 2 0
github.com/masa-finance/masa-oracle/pkg/api/handlers_data.go:519.9,519.28 1 0
github.com/masa-finance/masa-oracle/pkg/api/handlers_data.go:519.28,521.27 1 0
github.com/masa-finance/masa-oracle/pkg/api/handlers_data.go:521.27,523.5 1 0
github.com/masa-finance/masa-oracle/pkg/api/handlers_data.go:524.4,525.10 2 0
github.com/masa-finance/masa-oracle/pkg/api/handlers_data.go:526.9,528.4 1 0
github.com/masa-finance/masa-oracle/pkg/api/handlers_data.go:538.43,539.30 1 0
github.com/masa-finance/masa-oracle/pkg/api/handlers_data.go:539.30,540.33 1 0
github.com/masa-finance/masa-oracle/pkg/api/handlers_data.go:540.33,543.4 2 0
github.com/masa-finance/masa-oracle/pkg/api/handlers_data.go:544.3,548.52 2 0
github.com/masa-finance/masa-oracle/pkg/api/handlers_data.go:548.52,551.4 2 0
github.com/masa-finance/masa-oracle/pkg/api/handlers_data.go:553.3,553.24 1 0
github.com/masa-finance/masa-oracle/pkg/api/handlers_data.go:553.24,556.4 2 0
github.com/masa-finance/masa-oracle/pkg/api/handlers_data.go:557.3,557.25 1 0
github.com/masa-finance/masa-oracle/pkg/api/handlers_data.go:557.25,559.4 1 0
github.com/masa-finance/masa-oracle/pkg/api/handlers_data.go:562.3,563.17 2 0
github.com/masa-finance/masa-oracle/pkg/api/handlers_data.go:563.17,565.4 1 0
github.com/masa-finance/masa-oracle/pkg/api/handlers_data.go:567.3,575.17 8 0
github.com/masa-finance/masa-oracle/pkg/api/handlers_data.go:575.17,577.4 1 0
github.com/masa-finance/masa-oracle/pkg/api/handlers_data.go:578.3,578.12 1 0
github.com/masa-finance/masa-oracle/pkg/api/handlers_data.go:583.45,584.30 1 0
github.com/masa-finance/masa-oracle/pkg/api/handlers_data.go:584.30,588.52 2 0
github.com/masa-finance/masa-oracle/pkg/api/handlers_data.go:588.52,591.4 2 0
github.com/masa-finance/masa-oracle/pkg/api/handlers_data.go:593.3,594.17 2 0
github.com/masa-finance/masa-oracle/pkg/api/handlers_data.go:594.17,597.4 2 0
github.com/masa-finance/masa-oracle/pkg/api/handlers_data.go:599.3,599.105 1 0
github.com/masa-finance/masa-oracle/pkg/api/handlers_data.go:604.48,605.30 1 0
github.com/masa-finance/masa-oracle/pkg/api/handlers_data.go:605.30,612.52 2 0
github.com/masa-finance/masa-oracle/pkg/api/handlers_data.go:612.52,615.4 2 0
github.com/masa-finance/masa-oracle/pkg/api/handlers_data.go:617.3,618.17 2 0
github.com/masa-finance/masa-oracle/pkg/api/handlers_data.go:618.17,620.37 1 0
github.com/masa-finance/masa-oracle/pkg/api/handlers_data.go:620.37,623.5 2 0
github.com/masa-finance/masa-oracle/pkg/api/handlers_data.go:624.4,625.10 2 0
github.com/masa-finance/masa-oracle/pkg/api/handlers_data.go:628.3,628.85 1 0
github.com/masa-finance/masa-oracle/pkg/api/handlers_data.go:632.61,633.30 1 0
github.com/masa-finance/masa-oracle/pkg/api/handlers_data.go:633.30,639.52 2 0
github.com/masa-finance/masa-oracle/pkg/api/handlers_data.go:639.52,642.4 2 0
github.com/masa-finance/masa-oracle/pkg/api/handlers_data.go:644.3,644.29 1 0
github.com/masa-finance/masa-oracle/pkg/api/handlers_data.go:644.29,647.4 2 0
github.com/masa-finance/masa-oracle/pkg/api/handlers_data.go:650.3,651.17 2 0
github.com/masa-finance/masa-oracle/pkg/api/handlers_data.go:651.17,653.4 1 0
github.com/masa-finance/masa-oracle/pkg/api/handlers_data.go:655.3,663.17 8 0
github.com/masa-finance/masa-oracle/pkg/api/handlers_data.go:663.17,665.4 1 0
github.com/masa-finance/masa-oracle/pkg/api/handlers_data.go:666.3,666.12 1 0
github.com/masa-finance/masa-oracle/pkg/api/handlers_data.go:695.48,696.30 1 0
github.com/masa-finance/masa-oracle/pkg/api/handlers_data.go:696.30,699.64 3 0
github.com/masa-finance/masa-oracle/pkg/api/handlers_data.go:699.64,702.4 2 0
github.com/masa-finance/masa-oracle/pkg/api/handlers_data.go:703.3,708.17 4 0
github.com/masa-finance/masa-oracle/pkg/api/handlers_data.go:708.17,710.4 1 0
github.com/masa-finance/masa-oracle/pkg/api/handlers_data.go:712.3,720.17 8 0
github.com/masa-finance/masa-oracle/pkg/api/handlers_data.go:720.17,722.4 1 0
github.com/masa-finance/masa-oracle/pkg/api/handlers_data.go:723.3,723.12 1 0
github.com/masa-finance/masa-oracle/pkg/api/handlers_data.go:758.45,759.30 1 0
github.com/masa-finance/masa-oracle/pkg/api/handlers_data.go:759.30,762.64 3 0
github.com/masa-finance/masa-oracle/pkg/api/handlers_data.go:762.64,765.4 2 0
github.com/masa-finance/masa-oracle/pkg/api/handlers_data.go:766.3,778.17 3 0
github.com/masa-finance/masa-oracle/pkg/api/handlers_data.go:778.17,781.4 2 0
github.com/masa-finance/masa-oracle/pkg/api/handlers_data.go:782.3,785.18 3 0
github.com/masa-finance/masa-oracle/pkg/api/handlers_data.go:785.18,788.4 2 0
github.com/masa-finance/masa-oracle/pkg/api/handlers_data.go:789.3,791.17 3 0
github.com/masa-finance/masa-oracle/pkg/api/handlers_data.go:791.17,794.4 2 0
github.com/masa-finance/masa-oracle/pkg/api/handlers_data.go:795.3,800.17 6 0
github.com/masa-finance/masa-oracle/pkg/api/handlers_data.go:800.17,803.4 2 0
github.com/masa-finance/masa-oracle/pkg/api/handlers_data.go:804.3,804.34 1 0
github.com/masa-finance/masa-oracle/pkg/api/handlers_data.go:804.34,806.18 2 0
github.com/masa-finance/masa-oracle/pkg/api/handlers_data.go:806.18,808.5 1 0
github.com/masa-finance/masa-oracle/pkg/api/handlers_data.go:810.3,811.17 2 0
github.com/masa-finance/masa-oracle/pkg/api/handlers_data.go:811.17,815.4 3 0
github.com/masa-finance/masa-oracle/pkg/api/handlers_data.go:816.3,818.17 3 0
github.com/masa-finance/masa-oracle/pkg/api/handlers_data.go:818.17,821.4 2 0
github.com/masa-finance/masa-oracle/pkg/api/handlers_data.go:822.3,822.33 1 0
github.com/masa-finance/masa-oracle/pkg/api/handlers_data.go:836.45,837.30 1 0
github.com/masa-finance/masa-oracle/pkg/api/handlers_data.go:837.30,839.36 1 0
github.com/masa-finance/masa-oracle/pkg/api/handlers_data.go:839.36,842.4 2 0
github.com/masa-finance/masa-oracle/pkg/api/handlers_data.go:844.3,858.32 5 0
github.com/masa-finance/masa-oracle/pkg/api/handlers_data.go:858.32,861.18 3 0
github.com/masa-finance/masa-oracle/pkg/api/handlers_data.go:861.18,863.5 1 0
github.com/masa-finance/masa-oracle/pkg/api/handlers_data.go:865.4,872.74 2 0
github.com/masa-finance/masa-oracle/pkg/api/handlers_data.go:875.3,876.17 2 0
github.com/masa-finance/masa-oracle/pkg/api/handlers_data.go:876.17,879.4 2 0
github.com/masa-finance/masa-oracle/pkg/api/handlers_data.go:880.3,882.17 3 0
github.com/masa-finance/masa-oracle/pkg/api/handlers_data.go:882.17,886.4 3 0
github.com/masa-finance/masa-oracle/pkg/api/handlers_data.go:887.3,887.40 1 0
github.com/masa-finance/masa-oracle/pkg/api/handlers_data.go:902.50,903.30 1 0
github.com/masa-finance/masa-oracle/pkg/api/handlers_data.go:903.30,905.36 1 0
github.com/masa-finance/masa-oracle/pkg/api/handlers_data.go:905.36,908.4 2 0
github.com/masa-finance/masa-oracle/pkg/api/handlers_data.go:910.3,912.17 3 0
github.com/masa-finance/masa-oracle/pkg/api/handlers_data.go:912.17,916.4 3 0
github.com/masa-finance/masa-oracle/pkg/api/handlers_data.go:917.3,918.17 2 0
github.com/masa-finance/masa-oracle/pkg/api/handlers_data.go:918.17,921.4 2 0
github.com/masa-finance/masa-oracle/pkg/api/handlers_data.go:923.3,926.17 4 0
github.com/masa-finance/masa-oracle/pkg/api/handlers_data.go:926.17,928.4 1 0
github.com/masa-finance/masa-oracle/pkg/api/handlers_data.go:928.9,930.4 1 0
github.com/masa-finance/masa-oracle/pkg/api/handlers_data.go:931.3,937.38 2 0
github.com/masa-finance/masa-oracle/pkg/api/handlers_data.go:943.40,944.30 1 0
github.com/masa-finance/masa-oracle/pkg/api/handlers_data.go:944.30,947.52 2 0
github.com/masa-finance/masa-oracle/pkg/api/handlers_data.go:947.52,950.4 2 0
github.com/masa-finance/masa-oracle/pkg/api/handlers_data.go:952.3,952.24 1 0
github.com/masa-finance/masa-oracle/pkg/api/handlers_data.go:952.24,955.4 2 0
github.com/masa-finance/masa-oracle/pkg/api/handlers_data.go:957.3,958.17 2 0
github.com/masa-finance/masa-oracle/pkg/api/handlers_data.go:958.17,961.4 2 0
github.com/masa-finance/masa-oracle/pkg/api/handlers_data.go:963.3,964.17 2 0
github.com/masa-finance/masa-oracle/pkg/api/handlers_data.go:964.17,968.4 3 0
github.com/masa-finance/masa-oracle/pkg/api/handlers_data.go:970.3,970.75 1 0
github.com/masa-finance/masa-oracle/pkg/api/handlers_data.go:974.85,976.48 1 0
github.com/masa-finance/masa-oracle/pkg/api/handlers_data.go:976.48,979.3 2 0
github.com/masa-finance/masa-oracle/pkg/api/handlers_data.go:979.8,981.3 1 0
github.com/masa-finance/masa-oracle/pkg/api/handlers_node.go:28.54,29.30 1 0
github.com/masa-finance/masa-oracle/pkg/api/handlers_node.go:29.30,31.17 2 0
github.com/masa-finance/masa-oracle/pkg/api/handlers_node.go:31.17,33.4 1 0
github.com/masa-finance/masa-oracle/pkg/api/handlers_node.go:34.3,35.17 2 0
github.com/masa-finance/masa-oracle/pkg/api/handlers_node.go:35.17,37.4 1 0
github.com/masa-finance/masa-oracle/pkg/api/handlers_node.go:39.3,39.45 1 0
github.com/masa-finance/masa-oracle/pkg/api/handlers_node.go:39.45,45.4 2 0
github.com/masa-finance/masa-oracle/pkg/api/handlers_node.go:46.3,52.30 6 0
github.com/masa-finance/masa-oracle/pkg/api/handlers_node.go:52.30,54.4 1 0
github.com/masa-finance/masa-oracle/pkg/api/handlers_node.go:55.3,67.5 2 0
github.com/masa-finance/masa-oracle/pkg/api/handlers_node.go:75.50,76.30 1 0
github.com/masa-finance/masa-oracle/pkg/api/handlers_node.go:76.30,78.53 2 0
github.com/masa-finance/masa-oracle/pkg/api/handlers_node.go:78.53,84.4 2 0
github.com/masa-finance/masa-oracle/pkg/api/handlers_node.go:85.3,86.22 2 0
github.com/masa-finance/masa-oracle/pkg/api/handlers_node.go:86.22,92.4 2 0
github.com/masa-finance/masa-oracle/pkg/api/handlers_node.go:93.3,102.5 6 0
github.com/masa-finance/masa-oracle/pkg/api/handlers_node.go:110.51,111.30 1 0
github.com/masa-finance/masa-oracle/pkg/api/handlers_node.go:111.30,112.45 1 0
github.com/masa-finance/masa-oracle/pkg/api/handlers_node.go:112.45,118.4 2 0
github.com/masa-finance/masa-oracle/pkg/api/handlers_node.go:119.3,125.30 3 0
github.com/masa-finance/masa-oracle/pkg/api/handlers_node.go:125.30,129.4 1 0
github.com/masa-finance/masa-oracle/pkg/api/handlers_node.go:131.3,135.5 1 0
github.com/masa-finance/masa-oracle/pkg/api/handlers_node.go:143.52,144.30 1 0
github.com/masa-finance/masa-oracle/pkg/api/handlers_node.go:144.30,145.46 1 0
github.com/masa-finance/masa-oracle/pkg/api/handlers_node.go:145.46,151.4 2 0
github.com/masa-finance/masa-oracle/pkg/api/handlers_node.go:153.3,158.30 3 0
github.com/masa-finance/masa-oracle/pkg/api/handlers_node.go:158.30,163.4 1 0
github.com/masa-finance/masa-oracle/pkg/api/handlers_node.go:165.3,169.5 1 0
github.com/masa-finance/masa-oracle/pkg/api/handlers_node.go:177.59,178.30 1 0
github.com/masa-finance/masa-oracle/pkg/api/handlers_node.go:178.30,179.55 1 0
github.com/masa-finance/masa-oracle/pkg/api/handlers_node.go:179.55,182.4 2 0
github.com/masa-finance/masa-oracle/pkg/api/handlers_node.go:184.3,191.17 4 0
github.com/masa-finance/masa-oracle/pkg/api/handlers_node.go:191.17,194.4 2 0
github.com/masa-finance/masa-oracle/pkg/api/handlers_node.go:197.3,203.17 3 0
github.com/masa-finance/masa-oracle/pkg/api/handlers_node.go:203.17,206.4 2 0
github.com/masa-finance/masa-oracle/pkg/api/handlers_node.go:209.3,209.80 1 0
github.com/masa-finance/masa-oracle/pkg/api/handlers_node.go:209.80,212.4 2 0
github.com/masa-finance/masa-oracle/pkg/api/handlers_node.go:214.3,214.78 1 0
github.com/masa-finance/masa-oracle/pkg/api/handlers_node.go:221.56,222.30 1 0
github.com/masa-finance/masa-oracle/pkg/api/handlers_node.go:222.30,223.55 1 0
github.com/masa-finance/masa-oracle/pkg/api/handlers_node.go:223.55,229.4 2 0
github.com/masa-finance/masa-oracle/pkg/api/handlers_node.go:231.3,235.5 2 0
github.com/masa-finance/masa-oracle/pkg/api/handlers_node.go:242.46,243.30 1 0
github.com/masa-finance/masa-oracle/pkg/api/handlers_node.go:243.30,245.23 2 0
github.com/masa-finance/masa-oracle/pkg/api/handlers_node.go:245.23,251.4 2 0
github.com/masa-finance/masa-oracle/pkg/api/handlers_node.go:253.3,254.17 2 0
github.com/masa-finance/masa-oracle/pkg/api/handlers_node.go:254.17,264.4 3 0
github.com/masa-finance/masa-oracle/pkg/api/handlers_node.go:266.3,267.57 2 0
github.com/masa-finance/masa-oracle/pkg/api/handlers_node.go:267.57,268.97 1 0
github.com/masa-finance/masa-oracle/pkg/api/handlers_node.go:268.97,269.58 1 0
github.com/masa-finance/masa-oracle/pkg/api/handlers_node.go:269.58,275.6 2 0
github.com/masa-finance/masa-oracle/pkg/api/handlers_node.go:277.4,281.10 2 0
github.com/masa-finance/masa-oracle/pkg/api/handlers_node.go:284.3,287.5 1 0
github.com/masa-finance/masa-oracle/pkg/api/handlers_node.go:297.45,298.30 1 0
github.com/masa-finance/masa-oracle/pkg/api/handlers_node.go:298.30,301.49 2 0
github.com/masa-finance/masa-oracle/pkg/api/handlers_node.go:301.49,307.4 2 0
github.com/masa-finance/masa-oracle/pkg/api/handlers_node.go:309.3,311.17 3 0
github.com/masa-finance/masa-oracle/pkg/api/handlers_node.go:311.17,317.4 2 0
github.com/masa-finance/masa-oracle/pkg/api/handlers_node.go:318.3,319.17 2 0
github.com/masa-finance/masa-oracle/pkg/api/handlers_node.go:319.17,325.4 2 0
github.com/masa-finance/masa-oracle/pkg/api/handlers_node.go:326.3,329.5 1 0
github.com/masa-finance/masa-oracle/pkg/api/handlers_node.go:334.57,335.30 1 0
github.com/masa-finance/masa-oracle/pkg/api/handlers_node.go:335.30,338.47 2 0
github.com/masa-finance/masa-oracle/pkg/api/handlers_node.go:338.47,341.4 2 0
github.com/masa-finance/masa-oracle/pkg/api/handlers_node.go:343.3,343.55 1 0
github.com/masa-finance/masa-oracle/pkg/api/handlers_node.go:343.55,346.4 2 0
github.com/masa-finance/masa-oracle/pkg/api/handlers_node.go:348.3,352.81 3 0
github.com/masa-finance/masa-oracle/pkg/api/handlers_node.go:352.81,355.4 2 0
github.com/masa-finance/masa-oracle/pkg/api/handlers_node.go:357.3,357.81 1 0
github.com/masa-finance/masa-oracle/pkg/api/handlers_node.go:365.51,366.30 1 0
github.com/masa-finance/masa-oracle/pkg/api/handlers_node.go:366.30,368.3 1 0
github.com/masa-finance/masa-oracle/pkg/api/handlers_node.go:374.57,375.30 1 0
github.com/masa-finance/masa-oracle/pkg/api/handlers_node.go:375.30,394.46 2 0
github.com/masa-finance/masa-oracle/pkg/api/handlers_node.go:394.46,398.98 3 0
github.com/masa-finance/masa-oracle/pkg/api/handlers_node.go:398.98,410.5 11 0
github.com/masa-finance/masa-oracle/pkg/api/handlers_node.go:413.3,413.53 1 0
github.com/masa-finance/masa-oracle/pkg/api/handlers_node.go:421.49,422.30 1 0
github.com/masa-finance/masa-oracle/pkg/api/handlers_node.go:422.30,424.17 2 0
github.com/masa-finance/masa-oracle/pkg/api/handlers_node.go:424.17,430.4 2 0
github.com/masa-finance/masa-oracle/pkg/api/handlers_node.go:431.3,434.5 1 0
github.com/masa-finance/masa-oracle/pkg/api/handlers_node.go:441.42,443.2 1 0
github.com/masa-finance/masa-oracle/pkg/api/handlers_topic.go:12.57,13.30 1 0
github.com/masa-finance/masa-oracle/pkg/api/handlers_topic.go:13.30,18.46 2 0
github.com/masa-finance/masa-oracle/pkg/api/handlers_topic.go:18.46,21.4 2 0
github.com/masa-finance/masa-oracle/pkg/api/handlers_topic.go:23.3,23.55 1 0
github.com/masa-finance/masa-oracle/pkg/api/handlers_topic.go:23.55,26.4 2 0
github.com/masa-finance/masa-oracle/pkg/api/handlers_topic.go:29.3,32.89 2 0
github.com/masa-finance/masa-oracle/pkg/api/handlers_topic.go:32.89,35.4 2 0
github.com/masa-finance/masa-oracle/pkg/api/handlers_topic.go:37.3,37.90 1 0
github.com/masa-finance/masa-oracle/pkg/api/handlers_topic.go:42.54,43.30 1 0
github.com/masa-finance/masa-oracle/pkg/api/handlers_topic.go:43.30,49.46 2 0
github.com/masa-finance/masa-oracle/pkg/api/handlers_topic.go:49.46,52.4 2 0
github.com/masa-finance/masa-oracle/pkg/api/handlers_topic.go:54.3,54.55 1 0
github.com/masa-finance/masa-oracle/pkg/api/handlers_topic.go:54.55,57.4 2 0
github.com/masa-finance/masa-oracle/pkg/api/handlers_topic.go:60.3,60.90 1 0
github.com/masa-finance/masa-oracle/pkg/api/handlers_topic.go:60.90,63.4 2 0
github.com/masa-finance/masa-oracle/pkg/api/handlers_topic.go:65.3,65.81 1 0
github.com/masa-finance/masa-oracle/pkg/api/routes.go:36.160,57.34 6 0
github.com/masa-finance/masa-oracle/pkg/api/routes.go:57.34,59.32 1 0
github.com/masa-finance/masa-oracle/pkg/api/routes.go:59.32,62.4 2 0
github.com/masa-finance/masa-oracle/pkg/api/routes.go:65.3,65.39 1 0
github.com/masa-finance/masa-oracle/pkg/api/routes.go:65.39,66.35 1 0
github.com/masa-finance/masa-oracle/pkg/api/routes.go:66.35,69.5 2 0
github.com/masa-finance/masa-oracle/pkg/api/routes.go:70.4,70.54 1 0
github.com/masa-finance/masa-oracle/pkg/api/routes.go:70.54,73.5 2 0
github.com/masa-finance/masa-oracle/pkg/api/routes.go:74.4,74.56 1 0
github.com/masa-finance/masa-oracle/pkg/api/routes.go:74.56,77.5 2 0
github.com/masa-finance/masa-oracle/pkg/api/routes.go:78.4,78.57 1 0
github.com/masa-finance/masa-oracle/pkg/api/routes.go:78.57,81.5 2 0
github.com/masa-finance/masa-oracle/pkg/api/routes.go:85.3,89.23 3 0
github.com/masa-finance/masa-oracle/pkg/api/routes.go:89.23,92.4 2 0
github.com/masa-finance/masa-oracle/pkg/api/routes.go:94.3,98.33 2 0
github.com/masa-finance/masa-oracle/pkg/api/routes.go:98.33,101.4 2 0
github.com/masa-finance/masa-oracle/pkg/api/routes.go:104.3,105.92 2 0
github.com/masa-finance/masa-oracle/pkg/api/routes.go:105.92,115.4 1 0
github.com/masa-finance/masa-oracle/pkg/api/routes.go:116.3,116.17 1 0
github.com/masa-finance/masa-oracle/pkg/api/routes.go:116.17,119.4 2 0
github.com/masa-finance/masa-oracle/pkg/api/routes.go:121.3,121.45 1 0
github.com/masa-finance/masa-oracle/pkg/api/routes.go:121.45,122.38 1 0
github.com/masa-finance/masa-oracle/pkg/api/routes.go:122.38,125.5 2 0
github.com/masa-finance/masa-oracle/pkg/api/routes.go:127.3,127.11 1 0
github.com/masa-finance/masa-oracle/pkg/api/routes.go:131.2,142.2 8 0
github.com/masa-finance/masa-oracle/pkg/api/routes.go:142.2,460.3 28 0
github.com/masa-finance/masa-oracle/pkg/api/routes.go:470.2,500.45 4 0
github.com/masa-finance/masa-oracle/pkg/api/routes.go:500.45,504.3 1 0
github.com/masa-finance/masa-oracle/pkg/api/routes.go:506.2,506.15 1 0
github.com/masa-finance/masa-oracle/pkg/api/routes.go:509.46,518.40 4 0
github.com/masa-finance/masa-oracle/pkg/api/routes.go:518.40,519.123 1 0
github.com/masa-finance/masa-oracle/pkg/api/routes.go:519.123,522.4 2 0
github.com/masa-finance/masa-oracle/pkg/api/routes.go:525.3,525.57 1 0
github.com/masa-finance/masa-oracle/pkg/api/routes.go:525.57,528.4 2 0
github.com/masa-finance/masa-oracle/pkg/api/routes.go:531.3,531.11 1 0
github.com/masa-finance/masa-oracle/pkg/api/routes.go:535.2,536.44 2 0
github.com/masa-finance/masa-oracle/pkg/db/access_control.go:26.39,28.34 1 0
github.com/masa-finance/masa-oracle/pkg/db/access_control.go:28.34,29.19 1 0
github.com/masa-finance/masa-oracle/pkg/db/access_control.go:29.19,31.4 1 0
github.com/masa-finance/masa-oracle/pkg/db/access_control.go:33.2,33.14 1 0
github.com/masa-finance/masa-oracle/pkg/db/access_control.go:37.64,45.58 4 0
github.com/masa-finance/masa-oracle/pkg/db/access_control.go:45.58,48.3 2 0
github.com/masa-finance/masa-oracle/pkg/db/access_control.go:51.2,52.16 2 0
github.com/masa-finance/masa-oracle/pkg/db/access_control.go:52.16,55.3 2 0
github.com/masa-finance/masa-oracle/pkg/db/access_control.go:58.2,59.16 2 0
github.com/masa-finance/masa-oracle/pkg/db/access_control.go:59.16,62.3 2 0
github.com/masa-finance/masa-oracle/pkg/db/access_control.go:65.2,65.38 1 0
github.com/masa-finance/masa-oracle/pkg/db/access_control.go:65.38,71.3 2 0
github.com/masa-finance/masa-oracle/pkg/db/access_control.go:74.2,75.28 2 0
github.com/masa-finance/masa-oracle/pkg/db/access_control.go:75.28,82.3 2 0
github.com/masa-finance/masa-oracle/pkg/db/access_control.go:84.2,84.19 1 0
github.com/masa-finance/masa-oracle/pkg/db/access_control.go:84.19,94.3 2 0
github.com/masa-finance/masa-oracle/pkg/db/access_control.go:96.2,96.13 1 0
github.com/masa-finance/masa-oracle/pkg/db/operations.go:24.71,25.44 1 0
github.com/masa-finance/masa-oracle/pkg/db/operations.go:25.44,32.3 2 0
github.com/masa-finance/masa-oracle/pkg/db/operations.go:34.2,40.36 5 0
github.com/masa-finance/masa-oracle/pkg/db/operations.go:40.36,44.16 3 0
github.com/masa-finance/masa-oracle/pkg/db/operations.go:44.16,46.4 1 0
github.com/masa-finance/masa-oracle/pkg/db/operations.go:47.8,51.16 3 0
github.com/masa-finance/masa-oracle/pkg/db/operations.go:51.16,53.4 1 0
github.com/masa-finance/masa-oracle/pkg/db/operations.go:56.2,56.16 1 0
github.com/masa-finance/masa-oracle/pkg/db/operations.go:56.16,61.3 2 0
github.com/masa-finance/masa-oracle/pkg/db/operations.go:63.2,63.12 1 0
github.com/masa-finance/masa-oracle/pkg/db/operations.go:68.66,81.36 6 0
github.com/masa-finance/masa-oracle/pkg/db/operations.go:81.36,83.31 2 0
github.com/masa-finance/masa-oracle/pkg/db/operations.go:83.31,85.4 1 0
github.com/masa-finance/masa-oracle/pkg/db/operations.go:86.8,88.31 2 0
github.com/masa-finance/masa-oracle/pkg/db/operations.go:88.31,90.4 1 0
github.com/masa-finance/masa-oracle/pkg/db/operations.go:93.2,93.16 1 0
github.com/masa-finance/masa-oracle/pkg/db/operations.go:93.16,99.3 2 0
github.com/masa-finance/masa-oracle/pkg/db/operations.go:101.2,101.17 1 0
github.com/masa-finance/masa-oracle/pkg/db/resolver_cache.go:46.82,49.21 3 0
github.com/masa-finance/masa-oracle/pkg/db/resolver_cache.go:49.21,51.3 1 0
github.com/masa-finance/masa-oracle/pkg/db/resolver_cache.go:52.2,53.16 2 0
github.com/masa-finance/masa-oracle/pkg/db/resolver_cache.go:53.16,55.3 1 0
github.com/masa-finance/masa-oracle/pkg/db/resolver_cache.go:56.2,60.16 4 0
github.com/masa-finance/masa-oracle/pkg/db/resolver_cache.go:60.16,62.3 1 0
github.com/masa-finance/masa-oracle/pkg/db/resolver_cache.go:63.2,67.44 3 0
github.com/masa-finance/masa-oracle/pkg/db/resolver_cache.go:67.44,74.3 2 0
github.com/masa-finance/masa-oracle/pkg/db/resolver_cache.go:74.8,77.3 2 0
github.com/masa-finance/masa-oracle/pkg/db/resolver_cache.go:87.78,89.16 2 0
github.com/masa-finance/masa-oracle/pkg/db/resolver_cache.go:89.16,91.3 1 0
github.com/masa-finance/masa-oracle/pkg/db/resolver_cache.go:92.2,92.20 1 0
github.com/masa-finance/masa-oracle/pkg/db/resolver_cache.go:98.67,100.16 2 0
github.com/masa-finance/masa-oracle/pkg/db/resolver_cache.go:100.16,102.3 1 0
github.com/masa-finance/masa-oracle/pkg/db/resolver_cache.go:103.2,103.19 1 0
github.com/masa-finance/masa-oracle/pkg/db/resolver_cache.go:110.56,113.16 3 0
github.com/masa-finance/masa-oracle/pkg/db/resolver_cache.go:113.16,115.3 1 0
github.com/masa-finance/masa-oracle/pkg/db/resolver_cache.go:115.8,117.3 1 0
github.com/masa-finance/masa-oracle/pkg/db/resolver_cache.go:125.85,129.16 3 0
github.com/masa-finance/masa-oracle/pkg/db/resolver_cache.go:129.16,131.3 1 0
github.com/masa-finance/masa-oracle/pkg/db/resolver_cache.go:133.2,133.10 1 0
github.com/masa-finance/masa-oracle/pkg/db/resolver_cache.go:133.10,135.3 1 0
github.com/masa-finance/masa-oracle/pkg/db/resolver_cache.go:138.2,138.54 1 0
github.com/masa-finance/masa-oracle/pkg/db/resolver_cache.go:138.54,140.3 1 0
github.com/masa-finance/masa-oracle/pkg/db/resolver_cache.go:142.2,142.18 1 0
github.com/masa-finance/masa-oracle/pkg/db/resolver_cache.go:148.54,150.16 2 0
github.com/masa-finance/masa-oracle/pkg/db/resolver_cache.go:150.16,153.3 2 0
github.com/masa-finance/masa-oracle/pkg/db/resolver_cache.go:154.2,158.37 3 0
github.com/masa-finance/masa-oracle/pkg/db/resolver_cache.go:158.37,159.26 1 0
github.com/masa-finance/masa-oracle/pkg/db/resolver_cache.go:159.26,162.4 2 0
github.com/masa-finance/masa-oracle/pkg/db/resolver_cache.go:164.3,164.86 1 0
github.com/masa-finance/masa-oracle/pkg/db/resolver_cache.go:167.2,167.21 1 0
github.com/masa-finance/masa-oracle/pkg/db/resolver_cache.go:173.79,177.6 3 0
github.com/masa-finance/masa-oracle/pkg/db/resolver_cache.go:177.6,178.10 1 0
github.com/masa-finance/masa-oracle/pkg/db/resolver_cache.go:179.19,180.32 1 0
github.com/masa-finance/masa-oracle/pkg/db/resolver_cache.go:181.21,182.10 1 0
github.com/masa-finance/masa-oracle/pkg/db/resolver_cache.go:191.68,193.16 2 0
github.com/masa-finance/masa-oracle/pkg/db/resolver_cache.go:193.16,196.3 2 0
github.com/masa-finance/masa-oracle/pkg/db/resolver_cache.go:198.2,198.21 1 0
github.com/masa-finance/masa-oracle/pkg/db/resolver_cache.go:198.21,201.3 2 0
github.com/masa-finance/masa-oracle/pkg/db/resolver_cache.go:203.2,203.33 1 0
github.com/masa-finance/masa-oracle/pkg/db/resolver_cache.go:203.33,205.36 2 0
github.com/masa-finance/masa-oracle/pkg/db/resolver_cache.go:205.36,207.4 1 0
github.com/masa-finance/masa-oracle/pkg/db/resolver_cache.go:208.3,213.17 4 0
github.com/masa-finance/masa-oracle/pkg/db/resolver_cache.go:213.17,215.12 2 0
github.com/masa-finance/masa-oracle/pkg/db/resolver_cache.go:218.3,218.59 1 0
github.com/masa-finance/masa-oracle/pkg/db/resolver_cache.go:218.59,220.4 1 0
github.com/masa-finance/masa-oracle/pkg/db/resolver_cache.go:223.3,224.15 2 0
github.com/masa-finance/masa-oracle/pkg/db/resolver_cache.go:224.15,226.4 1 0
github.com/masa-finance/masa-oracle/pkg/db/resolver_cache.go:226.9,228.4 1 0
github.com/masa-finance/masa-oracle/pkg/db/resolver_cache.go:235.66,239.16 3 0
github.com/masa-finance/masa-oracle/pkg/db/resolver_cache.go:239.16,241.3 1 0
github.com/masa-finance/masa-oracle/pkg/db/resolver_cache.go:243.2,245.6 3 0
github.com/masa-finance/masa-oracle/pkg/db/resolver_cache.go:245.6,246.10 1 0
github.com/masa-finance/masa-oracle/pkg/db/resolver_cache.go:247.19,251.18 3 0
github.com/masa-finance/masa-oracle/pkg/db/resolver_cache.go:251.18,253.5 1 0
github.com/masa-finance/masa-oracle/pkg/db/resolver_cache.go:253.10,255.19 2 0
github.com/masa-finance/masa-oracle/pkg/db/resolver_cache.go:255.19,257.6 1 0
github.com/masa-finance/masa-oracle/pkg/db/resolver_cache.go:260.4,262.16 3 0
github.com/masa-finance/masa-oracle/pkg/db/resolver_cache.go:262.16,264.5 1 0
github.com/masa-finance/masa-oracle/pkg/db/resolver_cache.go:265.35,267.59 2 0
github.com/masa-finance/masa-oracle/pkg/db/resolver_cache.go:268.21,269.10 1 0
github.com/masa-finance/masa-oracle/cmd/masa-node-cli/components.go:14.30,21.2 2 0
github.com/masa-finance/masa-oracle/cmd/masa-node-cli/components.go:25.79,26.53 1 0
github.com/masa-finance/masa-oracle/cmd/masa-node-cli/components.go:26.53,27.35 1 0
github.com/masa-finance/masa-oracle/cmd/masa-node-cli/components.go:27.35,29.4 1 0
github.com/masa-finance/masa-oracle/cmd/masa-node-cli/components.go:30.3,30.15 1 0
github.com/masa-finance/masa-oracle/cmd/masa-node-cli/components.go:35.46,40.2 4 0
github.com/masa-finance/masa-oracle/cmd/masa-node-cli/components.go:43.84,49.2 1 0
github.com/masa-finance/masa-oracle/cmd/masa-node-cli/components.go:52.50,56.39 3 0
github.com/masa-finance/masa-oracle/cmd/masa-node-cli/components.go:56.39,57.22 1 0
github.com/masa-finance/masa-oracle/cmd/masa-node-cli/components.go:57.22,58.9 1 0
github.com/masa-finance/masa-oracle/cmd/masa-node-cli/components.go:60.3,61.31 2 0
github.com/masa-finance/masa-oracle/cmd/masa-node-cli/components.go:61.31,63.4 1 0
github.com/masa-finance/masa-oracle/cmd/masa-node-cli/components.go:64.3,65.83 2 0
github.com/masa-finance/masa-oracle/cmd/masa-node-cli/components.go:70.101,71.90 1 0
github.com/masa-finance/masa-oracle/cmd/masa-node-cli/components.go:71.90,72.22 1 0
github.com/masa-finance/masa-oracle/cmd/masa-node-cli/components.go:73.20,75.27 2 0
github.com/masa-finance/masa-oracle/cmd/masa-node-cli/components.go:75.27,77.5 1 0
github.com/masa-finance/masa-oracle/cmd/masa-node-cli/components.go:78.22,80.41 2 0
github.com/masa-finance/masa-oracle/cmd/masa-node-cli/components.go:80.41,82.5 1 0
github.com/masa-finance/masa-oracle/cmd/masa-node-cli/components.go:83.23,84.25 1 0
github.com/masa-finance/masa-oracle/cmd/masa-node-cli/components.go:84.25,86.5 1 0
github.com/masa-finance/masa-oracle/cmd/masa-node-cli/components.go:92.170,93.159 1 0
github.com/masa-finance/masa-oracle/cmd/masa-node-cli/components.go:93.159,96.22 3 0
github.com/masa-finance/masa-oracle/cmd/masa-node-cli/components.go:96.22,98.4 1 0
github.com/masa-finance/masa-oracle/cmd/masa-node-cli/components.go:100.3,100.37 1 0
github.com/masa-finance/masa-oracle/cmd/masa-node-cli/components.go:100.37,103.44 3 0
github.com/masa-finance/masa-oracle/cmd/masa-node-cli/components.go:103.44,106.26 3 0
github.com/masa-finance/masa-oracle/cmd/masa-node-cli/components.go:106.26,109.6 1 0
github.com/masa-finance/masa-oracle/cmd/masa-node-cli/components.go:112.3,112.9 1 0
github.com/masa-finance/masa-oracle/cmd/masa-node-cli/components.go:132.41,136.29 4 0
github.com/masa-finance/masa-oracle/cmd/masa-node-cli/components.go:136.29,137.28 1 0
github.com/masa-finance/masa-oracle/cmd/masa-node-cli/components.go:137.28,139.4 1 0
github.com/masa-finance/masa-oracle/cmd/masa-node-cli/components.go:141.2,143.35 1 0
github.com/masa-finance/masa-oracle/cmd/masa-node-cli/components.go:143.36,145.4 0 0
github.com/masa-finance/masa-oracle/cmd/masa-node-cli/components.go:146.2,165.13 4 0
github.com/masa-finance/masa-oracle/cmd/masa-node-cli/handlers.go:32.47,35.29 2 0
github.com/masa-finance/masa-oracle/cmd/masa-node-cli/handlers.go:35.29,36.20 1 0
github.com/masa-finance/masa-oracle/cmd/masa-node-cli/handlers.go:36.20,38.4 1 0
github.com/masa-finance/masa-oracle/cmd/masa-node-cli/handlers.go:38.9,38.27 1 0
github.com/masa-finance/masa-oracle/cmd/masa-node-cli/handlers.go:38.27,40.4 1 0
github.com/masa-finance/masa-oracle/cmd/masa-node-cli/handlers.go:42.2,42.11 1 0
github.com/masa-finance/masa-oracle/cmd/masa-node-cli/handlers.go:51.47,53.16 2 0
github.com/masa-finance/masa-oracle/cmd/masa-node-cli/handlers.go:53.16,56.3 2 0
github.com/masa-finance/masa-oracle/cmd/masa-node-cli/handlers.go:58.2,59.16 2 0
github.com/masa-finance/masa-oracle/cmd/masa-node-cli/handlers.go:59.16,62.3 2 0
github.com/masa-finance/masa-oracle/cmd/masa-node-cli/handlers.go:73.67,75.15 2 0
github.com/masa-finance/masa-oracle/cmd/masa-node-cli/handlers.go:75.15,78.3 2 0
github.com/masa-finance/masa-oracle/cmd/masa-node-cli/handlers.go:79.2,96.16 3 0
github.com/masa-finance/masa-oracle/cmd/masa-node-cli/handlers.go:96.16,99.3 2 0
github.com/masa-finance/masa-oracle/cmd/masa-node-cli/handlers.go:100.2,100.45 1 0
github.com/masa-finance/masa-oracle/cmd/masa-node-cli/handlers.go:105.35,122.16 5 0
github.com/masa-finance/masa-oracle/cmd/masa-node-cli/handlers.go:122.16,125.3 2 0
github.com/masa-finance/masa-oracle/cmd/masa-node-cli/handlers.go:126.2,131.16 5 0
github.com/masa-finance/masa-oracle/cmd/masa-node-cli/handlers.go:131.16,134.3 2 0
github.com/masa-finance/masa-oracle/cmd/masa-node-cli/handlers.go:135.2,137.38 2 0
github.com/masa-finance/masa-oracle/cmd/masa-node-cli/handlers.go:137.38,139.17 2 0
github.com/masa-finance/masa-oracle/cmd/masa-node-cli/handlers.go:139.17,142.4 2 0
github.com/masa-finance/masa-oracle/cmd/masa-node-cli/handlers.go:145.3,146.17 2 0
github.com/masa-finance/masa-oracle/cmd/masa-node-cli/handlers.go:146.17,149.4 2 0
github.com/masa-finance/masa-oracle/cmd/masa-node-cli/handlers.go:151.3,152.17 2 0
github.com/masa-finance/masa-oracle/cmd/masa-node-cli/handlers.go:152.17,155.4 2 0
github.com/masa-finance/masa-oracle/cmd/masa-node-cli/handlers.go:158.3,159.13 2 0
github.com/masa-finance/masa-oracle/cmd/masa-node-cli/handlers.go:159.13,161.18 2 0
github.com/masa-finance/masa-oracle/cmd/masa-node-cli/handlers.go:161.18,163.5 1 0
github.com/masa-finance/masa-oracle/cmd/masa-node-cli/handlers.go:165.3,165.13 1 0
github.com/masa-finance/masa-oracle/cmd/masa-node-cli/handlers.go:165.13,167.18 2 0
github.com/masa-finance/masa-oracle/cmd/masa-node-cli/handlers.go:167.18,169.5 1 0
github.com/masa-finance/masa-oracle/cmd/masa-node-cli/handlers.go:178.63,180.15 2 0
github.com/masa-finance/masa-oracle/cmd/masa-node-cli/handlers.go:180.15,182.3 1 0
github.com/masa-finance/masa-oracle/cmd/masa-node-cli/handlers.go:183.2,191.16 5 0
github.com/masa-finance/masa-oracle/cmd/masa-node-cli/handlers.go:191.16,193.3 1 0
github.com/masa-finance/masa-oracle/cmd/masa-node-cli/handlers.go:195.2,196.12 2 0
github.com/masa-finance/masa-oracle/cmd/masa-node-cli/handlers.go:200.76,204.16 4 0
github.com/masa-finance/masa-oracle/cmd/masa-node-cli/handlers.go:204.16,207.3 2 0
github.com/masa-finance/masa-oracle/cmd/masa-node-cli/handlers.go:209.2,211.21 3 0
github.com/masa-finance/masa-oracle/cmd/masa-node-cli/handlers.go:217.77,219.73 1 0
github.com/masa-finance/masa-oracle/cmd/masa-node-cli/handlers.go:219.73,221.4 1 0
github.com/masa-finance/masa-oracle/cmd/masa-node-cli/handlers.go:222.76,224.4 1 0
github.com/masa-finance/masa-oracle/cmd/masa-node-cli/handlers.go:225.78,227.4 1 0
github.com/masa-finance/masa-oracle/cmd/masa-node-cli/handlers.go:228.77,230.4 1 0
github.com/masa-finance/masa-oracle/cmd/masa-node-cli/handlers.go:231.79,233.4 1 0
github.com/masa-finance/masa-oracle/cmd/masa-node-cli/handlers.go:234.70,236.4 1 0
github.com/masa-finance/masa-oracle/cmd/masa-node-cli/handlers.go:238.2,238.62 1 0
github.com/masa-finance/masa-oracle/cmd/masa-node-cli/handlers.go:238.62,240.3 1 0
github.com/masa-finance/masa-oracle/cmd/masa-node-cli/handlers.go:242.2,242.13 1 0
github.com/masa-finance/masa-oracle/cmd/masa-node-cli/handlers.go:246.82,247.16 1 0
github.com/masa-finance/masa-oracle/cmd/masa-node-cli/handlers.go:248.11,257.27 4 0
github.com/masa-finance/masa-oracle/cmd/masa-node-cli/handlers.go:257.27,261.32 3 0
github.com/masa-finance/masa-oracle/cmd/masa-node-cli/handlers.go:261.32,263.6 1 0
github.com/masa-finance/masa-oracle/cmd/masa-node-cli/handlers.go:263.11,267.20 3 0
github.com/masa-finance/masa-oracle/cmd/masa-node-cli/handlers.go:267.20,269.7 1 0
github.com/masa-finance/masa-oracle/cmd/masa-node-cli/handlers.go:272.6,273.20 2 0
github.com/masa-finance/masa-oracle/cmd/masa-node-cli/handlers.go:273.20,275.7 1 0
github.com/masa-finance/masa-oracle/cmd/masa-node-cli/handlers.go:278.6,279.20 2 0
github.com/masa-finance/masa-oracle/cmd/masa-node-cli/handlers.go:279.20,281.7 1 0
github.com/masa-finance/masa-oracle/cmd/masa-node-cli/handlers.go:284.6,284.74 1 0
github.com/masa-finance/masa-oracle/cmd/masa-node-cli/handlers.go:284.74,286.7 1 0
github.com/masa-finance/masa-oracle/cmd/masa-node-cli/handlers.go:288.6,288.90 1 0
github.com/masa-finance/masa-oracle/cmd/masa-node-cli/handlers.go:290.5,290.32 1 0
github.com/masa-finance/masa-oracle/cmd/masa-node-cli/handlers.go:292.31,295.5 2 0
github.com/masa-finance/masa-oracle/cmd/masa-node-cli/handlers.go:297.3,301.46 3 0
github.com/masa-finance/masa-oracle/cmd/masa-node-cli/handlers.go:302.11,303.195 1 0
github.com/masa-finance/masa-oracle/cmd/masa-node-cli/handlers.go:303.195,307.4 3 0
github.com/masa-finance/masa-oracle/cmd/masa-node-cli/handlers.go:309.3,313.35 2 0
github.com/masa-finance/masa-oracle/cmd/masa-node-cli/handlers.go:314.11,325.27 4 0
github.com/masa-finance/masa-oracle/cmd/masa-node-cli/handlers.go:325.27,333.36 7 0
github.com/masa-finance/masa-oracle/cmd/masa-node-cli/handlers.go:333.36,336.6 2 0
github.com/masa-finance/masa-oracle/cmd/masa-node-cli/handlers.go:336.11,336.47 1 0
github.com/masa-finance/masa-oracle/cmd/masa-node-cli/handlers.go:336.47,339.6 2 0
github.com/masa-finance/masa-oracle/cmd/masa-node-cli/handlers.go:339.11,341.6 1 0
github.com/masa-finance/masa-oracle/cmd/masa-node-cli/handlers.go:342.5,342.32 1 0
github.com/masa-finance/masa-oracle/cmd/masa-node-cli/handlers.go:344.31,347.5 2 0
github.com/masa-finance/masa-oracle/cmd/masa-node-cli/handlers.go:349.3,353.46 3 0
github.com/masa-finance/masa-oracle/cmd/masa-node-cli/handlers.go:354.11,369.46 4 0
github.com/masa-finance/masa-oracle/cmd/masa-node-cli/handlers.go:369.46,374.28 3 0
github.com/masa-finance/masa-oracle/cmd/masa-node-cli/handlers.go:374.28,384.5 4 0
github.com/masa-finance/masa-oracle/cmd/masa-node-cli/handlers.go:386.4,389.18 3 0
github.com/masa-finance/masa-oracle/cmd/masa-node-cli/handlers.go:389.18,392.5 2 0
github.com/masa-finance/masa-oracle/cmd/masa-node-cli/handlers.go:393.4,393.66 1 0
github.com/masa-finance/masa-oracle/cmd/masa-node-cli/handlers.go:393.66,395.5 1 0
github.com/masa-finance/masa-oracle/cmd/masa-node-cli/handlers.go:398.4,398.46 1 0
github.com/masa-finance/masa-oracle/cmd/masa-node-cli/handlers.go:402.3,418.45 5 0
github.com/masa-finance/masa-oracle/cmd/masa-node-cli/handlers.go:419.11,434.30 1 0
github.com/masa-finance/masa-oracle/cmd/masa-node-cli/handlers.go:434.30,436.9 2 0
github.com/masa-finance/masa-oracle/cmd/masa-node-cli/handlers.go:439.3,462.51 8 0
github.com/masa-finance/masa-oracle/cmd/masa-node-cli/handlers.go:462.51,464.4 1 0
github.com/masa-finance/masa-oracle/cmd/masa-node-cli/handlers.go:467.3,467.46 1 0
github.com/masa-finance/masa-oracle/cmd/masa-node-cli/handlers.go:467.46,472.28 3 0
github.com/masa-finance/masa-oracle/cmd/masa-node-cli/handlers.go:472.28,482.5 4 0
github.com/masa-finance/masa-oracle/cmd/masa-node-cli/handlers.go:484.4,489.18 5 0
github.com/masa-finance/masa-oracle/cmd/masa-node-cli/handlers.go:489.18,492.5 2 0
github.com/masa-finance/masa-oracle/cmd/masa-node-cli/handlers.go:493.4,494.69 2 0
github.com/masa-finance/masa-oracle/cmd/masa-node-cli/handlers.go:494.69,497.5 2 0
github.com/masa-finance/masa-oracle/cmd/masa-node-cli/handlers.go:498.4,498.29 1 0
github.com/masa-finance/masa-oracle/cmd/masa-node-cli/handlers.go:498.29,501.5 1 0
github.com/masa-finance/masa-oracle/cmd/masa-node-cli/handlers.go:504.3,521.45 5 0
github.com/masa-finance/masa-oracle/cmd/masa-node-cli/handlers.go:522.11,533.28 6 0
github.com/masa-finance/masa-oracle/cmd/masa-node-cli/handlers.go:533.28,537.4 3 0
github.com/masa-finance/masa-oracle/cmd/masa-node-cli/handlers.go:539.3,539.69 1 0
github.com/masa-finance/masa-oracle/cmd/masa-node-cli/handlers.go:539.69,540.30 1 0
github.com/masa-finance/masa-oracle/cmd/masa-node-cli/handlers.go:540.30,548.5 3 0
github.com/masa-finance/masa-oracle/cmd/masa-node-cli/handlers.go:549.4,549.29 1 0
github.com/masa-finance/masa-oracle/cmd/masa-node-cli/handlers.go:549.29,551.5 1 0
github.com/masa-finance/masa-oracle/cmd/masa-node-cli/handlers.go:552.48,555.4 2 0
github.com/masa-finance/masa-oracle/cmd/masa-node-cli/handlers.go:557.3,569.46 4 0
github.com/masa-finance/masa-oracle/cmd/masa-node-cli/handlers.go:570.11,577.58 3 0
github.com/masa-finance/masa-oracle/cmd/masa-node-cli/handlers.go:577.58,578.29 1 0
github.com/masa-finance/masa-oracle/cmd/masa-node-cli/handlers.go:578.29,580.6 1 0
github.com/masa-finance/masa-oracle/cmd/masa-node-cli/handlers.go:581.5,581.32 1 0
github.com/masa-finance/masa-oracle/cmd/masa-node-cli/handlers.go:584.3,586.31 2 0
github.com/masa-finance/masa-oracle/cmd/masa-node-cli/handlers.go:587.10,588.8 1 0
github.com/masa-finance/masa-oracle/cmd/masa-node-cli/main.go:14.13,18.60 4 0
github.com/masa-finance/masa-oracle/cmd/masa-node-cli/main.go:18.60,20.3 1 0
github.com/masa-finance/masa-oracle/cmd/masa-node-cli/main.go:22.2,40.76 7 0
github.com/masa-finance/masa-oracle/cmd/masa-node-cli/main.go:40.76,42.3 1 0
github.com/masa-finance/masa-oracle/pkg/config/app.go:89.31,90.17 1 0
github.com/masa-finance/masa-oracle/pkg/config/app.go:90.17,98.57 5 0
github.com/masa-finance/masa-oracle/pkg/config/app.go:98.57,100.4 1 0
github.com/masa-finance/masa-oracle/pkg/config/app.go:102.3,102.51 1 0
github.com/masa-finance/masa-oracle/pkg/config/app.go:102.51,105.4 2 0
github.com/masa-finance/masa-oracle/pkg/config/app.go:107.3,107.53 1 0
github.com/masa-finance/masa-oracle/pkg/config/app.go:109.2,109.17 1 0
github.com/masa-finance/masa-oracle/pkg/config/app.go:115.40,118.16 2 0
github.com/masa-finance/masa-oracle/pkg/config/app.go:118.16,120.3 1 0
github.com/masa-finance/masa-oracle/pkg/config/app.go:123.2,137.40 12 0
github.com/masa-finance/masa-oracle/pkg/config/app.go:143.48,150.2 4 0
github.com/masa-finance/masa-oracle/pkg/config/app.go:155.44,157.16 2 0
github.com/masa-finance/masa-oracle/pkg/config/app.go:157.16,159.3 1 0
github.com/masa-finance/masa-oracle/pkg/config/app.go:160.2,160.22 1 0
github.com/masa-finance/masa-oracle/pkg/config/app.go:168.50,212.16 41 0
github.com/masa-finance/masa-oracle/pkg/config/app.go:212.16,214.3 1 0
github.com/masa-finance/masa-oracle/pkg/config/app.go:217.2,221.12 3 0
github.com/masa-finance/masa-oracle/pkg/config/app.go:226.33,230.38 3 0
github.com/masa-finance/masa-oracle/pkg/config/app.go:230.38,235.96 3 0
github.com/masa-finance/masa-oracle/pkg/config/app.go:235.96,236.12 1 0
github.com/masa-finance/masa-oracle/pkg/config/app.go:238.3,238.44 1 0
github.com/masa-finance/masa-oracle/pkg/config/constants.go:128.46,131.16 3 0
github.com/masa-finance/masa-oracle/pkg/config/constants.go:131.16,133.3 1 0
github.com/masa-finance/masa-oracle/pkg/config/constants.go:135.2,141.16 6 0
github.com/masa-finance/masa-oracle/pkg/config/constants.go:141.16,143.3 1 0
github.com/masa-finance/masa-oracle/pkg/config/constants.go:144.2,147.16 3 0
github.com/masa-finance/masa-oracle/pkg/config/constants.go:147.16,149.3 1 0
github.com/masa-finance/masa-oracle/pkg/config/constants.go:151.2,157.16 3 0
github.com/masa-finance/masa-oracle/pkg/config/constants.go:157.16,159.3 1 0
github.com/masa-finance/masa-oracle/pkg/config/constants.go:161.2,162.38 2 0
github.com/masa-finance/masa-oracle/pkg/config/constants.go:162.38,164.3 1 0
github.com/masa-finance/masa-oracle/pkg/config/constants.go:166.2,166.20 1 0
github.com/masa-finance/masa-oracle/pkg/config/logging.go:15.36,16.54 1 0
github.com/masa-finance/masa-oracle/pkg/config/logging.go:16.54,18.17 2 0
github.com/masa-finance/masa-oracle/pkg/config/logging.go:18.17,20.4 1 0
github.com/masa-finance/masa-oracle/pkg/config/logging.go:24.2,25.16 2 0
github.com/masa-finance/masa-oracle/pkg/config/logging.go:25.16,27.3 1 0
github.com/masa-finance/masa-oracle/pkg/config/logging.go:28.2,31.27 3 0
github.com/masa-finance/masa-oracle/pkg/config/logging.go:31.27,33.3 1 0
github.com/masa-finance/masa-oracle/pkg/config/logging.go:33.8,33.34 1 0
github.com/masa-finance/masa-oracle/pkg/config/logging.go:33.34,35.3 1 0
github.com/masa-finance/masa-oracle/pkg/config/logging.go:35.8,37.3 1 0
github.com/masa-finance/masa-oracle/pkg/config/welcome.go:7.223,38.2 26 0
github.com/masa-finance/masa-oracle/cmd/masa-node/config.go:10.124,24.24 3 0
github.com/masa-finance/masa-oracle/cmd/masa-node/config.go:24.24,27.3 2 0
github.com/masa-finance/masa-oracle/cmd/masa-node/config.go:29.2,29.25 1 0
github.com/masa-finance/masa-oracle/cmd/masa-node/config.go:29.25,32.3 1 0
github.com/masa-finance/masa-oracle/cmd/masa-node/config.go:34.2,34.24 1 0
github.com/masa-finance/masa-oracle/cmd/masa-node/config.go:34.24,37.3 2 0
github.com/masa-finance/masa-oracle/cmd/masa-node/config.go:39.2,39.20 1 0
github.com/masa-finance/masa-oracle/cmd/masa-node/config.go:39.20,42.3 2 0
github.com/masa-finance/masa-oracle/cmd/masa-node/config.go:44.2,44.19 1 0
github.com/masa-finance/masa-oracle/cmd/masa-node/config.go:44.19,47.3 2 0
github.com/masa-finance/masa-oracle/cmd/masa-node/config.go:49.2,65.19 5 0
github.com/masa-finance/masa-oracle/cmd/masa-node/config.go:65.19,73.3 1 0
github.com/masa-finance/masa-oracle/cmd/masa-node/config.go:75.2,75.13 1 0
github.com/masa-finance/masa-oracle/cmd/masa-node/config.go:75.13,77.3 1 0
github.com/masa-finance/masa-oracle/cmd/masa-node/config.go:79.2,79.13 1 0
github.com/masa-finance/masa-oracle/cmd/masa-node/config.go:79.13,81.3 1 0
github.com/masa-finance/masa-oracle/cmd/masa-node/config.go:83.2,83.19 1 0
github.com/masa-finance/masa-oracle/cmd/masa-node/config.go:83.19,85.3 1 0
github.com/masa-finance/masa-oracle/cmd/masa-node/config.go:87.2,87.55 1 0
github.com/masa-finance/masa-oracle/cmd/masa-node/main.go:23.13,28.51 3 0
github.com/masa-finance/masa-oracle/cmd/masa-node/main.go:28.51,31.3 2 0
github.com/masa-finance/masa-oracle/cmd/masa-node/main.go:33.2,42.16 6 0
github.com/masa-finance/masa-oracle/cmd/masa-node/main.go:42.16,44.17 2 0
github.com/masa-finance/masa-oracle/cmd/masa-node/main.go:44.17,47.4 2 0
github.com/masa-finance/masa-oracle/cmd/masa-node/main.go:47.9,50.4 2 0
github.com/masa-finance/masa-oracle/cmd/masa-node/main.go:53.2,53.27 1 0
github.com/masa-finance/masa-oracle/cmd/masa-node/main.go:53.27,55.17 2 0
github.com/masa-finance/masa-oracle/cmd/masa-node/main.go:55.17,57.4 1 0
github.com/masa-finance/masa-oracle/cmd/masa-node/main.go:57.9,60.4 2 0
github.com/masa-finance/masa-oracle/cmd/masa-node/main.go:64.2,65.16 2 0
github.com/masa-finance/masa-oracle/cmd/masa-node/main.go:65.16,67.3 1 0
github.com/masa-finance/masa-oracle/cmd/masa-node/main.go:69.2,69.15 1 0
github.com/masa-finance/masa-oracle/cmd/masa-node/main.go:69.15,71.3 1 0
github.com/masa-finance/masa-oracle/cmd/masa-node/main.go:73.2,79.16 4 0
github.com/masa-finance/masa-oracle/cmd/masa-node/main.go:79.16,81.3 1 0
github.com/masa-finance/masa-oracle/cmd/masa-node/main.go:83.2,84.16 2 0
github.com/masa-finance/masa-oracle/cmd/masa-node/main.go:84.16,86.3 1 0
github.com/masa-finance/masa-oracle/cmd/masa-node/main.go:88.2,88.64 1 0
github.com/masa-finance/masa-oracle/cmd/masa-node/main.go:88.64,90.3 1 0
github.com/masa-finance/masa-oracle/cmd/masa-node/main.go:92.2,92.21 1 0
github.com/masa-finance/masa-oracle/cmd/masa-node/main.go:92.21,96.3 3 0
github.com/masa-finance/masa-oracle/cmd/masa-node/main.go:96.8,98.3 1 0
github.com/masa-finance/masa-oracle/cmd/masa-node/main.go:101.2,106.20 3 0
github.com/masa-finance/masa-oracle/cmd/masa-node/main.go:106.20,108.13 2 0
github.com/masa-finance/masa-oracle/cmd/masa-node/main.go:108.13,109.39 1 0
github.com/masa-finance/masa-oracle/cmd/masa-node/main.go:109.39,111.5 1 0
github.com/masa-finance/masa-oracle/cmd/masa-node/main.go:113.3,113.36 1 0
github.com/masa-finance/masa-oracle/cmd/masa-node/main.go:114.8,116.3 1 0
github.com/masa-finance/masa-oracle/cmd/masa-node/main.go:119.2,121.16 3 0
github.com/masa-finance/masa-oracle/cmd/masa-node/main.go:121.16,123.3 1 0
github.com/masa-finance/masa-oracle/cmd/masa-node/main.go:125.2,127.14 2 0
github.com/masa-finance/masa-oracle/cmd/masa-node/main.go:130.97,136.21 5 0
github.com/masa-finance/masa-oracle/cmd/masa-node/main.go:136.21,138.3 1 0
github.com/masa-finance/masa-oracle/cmd/masa-node/main.go:139.2,140.29 2 0
github.com/masa-finance/masa-oracle/cmd/masa-node/main.go:140.29,141.44 1 0
github.com/masa-finance/masa-oracle/cmd/masa-node/main.go:141.44,143.4 1 0
github.com/masa-finance/masa-oracle/cmd/masa-node/staking.go:16.56,20.9 2 0
github.com/masa-finance/masa-oracle/cmd/masa-node/staking.go:20.9,22.3 1 0
github.com/masa-finance/masa-oracle/cmd/masa-node/staking.go:23.2,26.16 3 0
github.com/masa-finance/masa-oracle/cmd/masa-node/staking.go:26.16,28.3 1 0
github.com/masa-finance/masa-oracle/cmd/masa-node/staking.go:30.2,30.77 1 0
github.com/masa-finance/masa-oracle/cmd/masa-node/staking.go:30.77,34.7 4 0
github.com/masa-finance/masa-oracle/cmd/masa-node/staking.go:34.7,35.11 1 0
github.com/masa-finance/masa-oracle/cmd/masa-node/staking.go:36.31,36.31 0 0
github.com/masa-finance/masa-oracle/cmd/masa-node/staking.go:38.16,40.21 2 0
github.com/masa-finance/masa-oracle/cmd/masa-node/staking.go:40.21,42.6 1 0
github.com/masa-finance/masa-oracle/cmd/masa-node/staking.go:43.5,43.11 1 0
github.com/masa-finance/masa-oracle/cmd/masa-node/staking.go:44.12,47.21 1 0
github.com/masa-finance/masa-oracle/cmd/masa-node/staking.go:47.21,49.6 1 0
github.com/masa-finance/masa-oracle/cmd/masa-node/staking.go:49.11,51.6 1 0
github.com/masa-finance/masa-oracle/cmd/masa-node/staking.go:52.5,53.39 2 0
github.com/masa-finance/masa-oracle/cmd/masa-node/staking.go:59.2,64.16 6 0
github.com/masa-finance/masa-oracle/cmd/masa-node/staking.go:64.16,67.3 2 0
github.com/masa-finance/masa-oracle/cmd/masa-node/staking.go:68.2,78.16 9 0
github.com/masa-finance/masa-oracle/cmd/masa-node/staking.go:78.16,81.3 2 0
github.com/masa-finance/masa-oracle/cmd/masa-node/staking.go:82.2,86.12 4 0
github.com/masa-finance/masa-oracle/cmd/masa-node/staking.go:89.55,91.16 2 0
github.com/masa-finance/masa-oracle/cmd/masa-node/staking.go:91.16,94.3 2 0
github.com/masa-finance/masa-oracle/cmd/masa-node/staking.go:96.2,96.77 1 0
github.com/masa-finance/masa-oracle/cmd/masa-node/staking.go:96.77,100.7 4 0
github.com/masa-finance/masa-oracle/cmd/masa-node/staking.go:100.7,101.11 1 0
github.com/masa-finance/masa-oracle/cmd/masa-node/staking.go:102.31,102.31 0 0
github.com/masa-finance/masa-oracle/cmd/masa-node/staking.go:104.16,106.21 2 0
github.com/masa-finance/masa-oracle/cmd/masa-node/staking.go:106.21,108.6 1 0
github.com/masa-finance/masa-oracle/cmd/masa-node/staking.go:109.5,109.11 1 0
github.com/masa-finance/masa-oracle/cmd/masa-node/staking.go:110.12,113.21 1 0
github.com/masa-finance/masa-oracle/cmd/masa-node/staking.go:113.21,115.6 1 0
github.com/masa-finance/masa-oracle/cmd/masa-node/staking.go:115.11,117.6 1 0
github.com/masa-finance/masa-oracle/cmd/masa-node/staking.go:118.5,119.39 2 0
github.com/masa-finance/masa-oracle/cmd/masa-node/staking.go:125.2,130.16 6 0
github.com/masa-finance/masa-oracle/cmd/masa-node/staking.go:130.16,133.3 2 0
github.com/masa-finance/masa-oracle/cmd/masa-node/staking.go:134.2,138.12 4 0
github.com/masa-finance/masa-oracle/pkg/llmbridge/client.go:27.38,30.2 2 0
github.com/masa-finance/masa-oracle/pkg/llmbridge/client.go:33.32,36.2 2 0
github.com/masa-finance/masa-oracle/pkg/llmbridge/client.go:41.81,43.16 2 0
github.com/masa-finance/masa-oracle/pkg/llmbridge/client.go:43.16,45.3 1 0
github.com/masa-finance/masa-oracle/pkg/llmbridge/client.go:46.2,51.23 5 0
github.com/masa-finance/masa-oracle/pkg/llmbridge/client.go:54.94,56.15 2 0
github.com/masa-finance/masa-oracle/pkg/llmbridge/client.go:57.15,58.28 1 0
github.com/masa-finance/masa-oracle/pkg/llmbridge/client.go:59.29,60.32 1 0
github.com/masa-finance/masa-oracle/pkg/llmbridge/client.go:61.23,62.37 1 0
github.com/masa-finance/masa-oracle/pkg/llmbridge/client.go:63.10,64.8 1 0
github.com/masa-finance/masa-oracle/pkg/llmbridge/client.go:67.2,69.15 3 0
github.com/masa-finance/masa-oracle/pkg/llmbridge/client.go:69.15,71.3 1 0
github.com/masa-finance/masa-oracle/pkg/llmbridge/client.go:72.2,89.16 3 0
github.com/masa-finance/masa-oracle/pkg/llmbridge/client.go:89.16,92.3 2 0
github.com/masa-finance/masa-oracle/pkg/llmbridge/client.go:93.2,93.45 1 0
github.com/masa-finance/masa-oracle/pkg/llmbridge/client.go:128.42,130.24 2 0
github.com/masa-finance/masa-oracle/pkg/llmbridge/client.go:130.24,131.25 1 0
github.com/masa-finance/masa-oracle/pkg/llmbridge/client.go:131.25,133.4 1 0
github.com/masa-finance/masa-oracle/pkg/llmbridge/client.go:135.2,139.24 5 0
github.com/masa-finance/masa-oracle/pkg/llmbridge/client.go:149.57,151.16 2 0
github.com/masa-finance/masa-oracle/pkg/llmbridge/client.go:151.16,153.3 1 0
github.com/masa-finance/masa-oracle/pkg/llmbridge/client.go:154.2,157.61 3 0
github.com/masa-finance/masa-oracle/pkg/llmbridge/client.go:157.61,159.3 1 0
github.com/masa-finance/masa-oracle/pkg/llmbridge/client.go:160.2,161.29 2 0
github.com/masa-finance/masa-oracle/pkg/llmbridge/client.go:161.29,162.38 1 0
github.com/masa-finance/masa-oracle/pkg/llmbridge/client.go:162.38,164.4 1 0
github.com/masa-finance/masa-oracle/pkg/llmbridge/client.go:165.8,167.67 2 0
github.com/masa-finance/masa-oracle/pkg/llmbridge/client.go:167.67,168.73 1 0
github.com/masa-finance/masa-oracle/pkg/llmbridge/client.go:168.73,169.54 1 0
github.com/masa-finance/masa-oracle/pkg/llmbridge/client.go:169.54,171.6 1 0
github.com/masa-finance/masa-oracle/pkg/llmbridge/client.go:174.3,174.22 1 0
github.com/masa-finance/masa-oracle/pkg/llmbridge/client.go:176.2,176.21 1 0
github.com/masa-finance/masa-oracle/pkg/llmbridge/config.go:17.44,26.2 2 0
github.com/masa-finance/masa-oracle/pkg/llmbridge/config.go:30.35,37.2 2 0
github.com/masa-finance/masa-oracle/pkg/llmbridge/payload.go:29.87,48.2 2 0
github.com/masa-finance/masa-oracle/pkg/llmbridge/sentiment.go:23.120,25.40 1 0
github.com/masa-finance/masa-oracle/pkg/llmbridge/sentiment.go:25.40,29.32 3 0
github.com/masa-finance/masa-oracle/pkg/llmbridge/sentiment.go:29.32,30.26 1 0
github.com/masa-finance/masa-oracle/pkg/llmbridge/sentiment.go:30.26,32.13 2 0
github.com/masa-finance/masa-oracle/pkg/llmbridge/sentiment.go:34.4,34.44 1 0
github.com/masa-finance/masa-oracle/pkg/llmbridge/sentiment.go:37.3,39.17 3 0
github.com/masa-finance/masa-oracle/pkg/llmbridge/sentiment.go:39.17,42.4 2 0
github.com/masa-finance/masa-oracle/pkg/llmbridge/sentiment.go:43.3,44.17 2 0
github.com/masa-finance/masa-oracle/pkg/llmbridge/sentiment.go:44.17,47.4 2 0
github.com/masa-finance/masa-oracle/pkg/llmbridge/sentiment.go:48.3,50.17 3 0
github.com/masa-finance/masa-oracle/pkg/llmbridge/sentiment.go:50.17,53.4 2 0
github.com/masa-finance/masa-oracle/pkg/llmbridge/sentiment.go:54.3,54.46 1 0
github.com/masa-finance/masa-oracle/pkg/llmbridge/sentiment.go:56.8,56.44 1 0
github.com/masa-finance/masa-oracle/pkg/llmbridge/sentiment.go:56.44,60.17 4 0
github.com/masa-finance/masa-oracle/pkg/llmbridge/sentiment.go:60.17,63.4 2 0
github.com/masa-finance/masa-oracle/pkg/llmbridge/sentiment.go:64.3,64.46 1 0
github.com/masa-finance/masa-oracle/pkg/llmbridge/sentiment.go:65.8,84.17 5 0
github.com/masa-finance/masa-oracle/pkg/llmbridge/sentiment.go:84.17,86.4 1 0
github.com/masa-finance/masa-oracle/pkg/llmbridge/sentiment.go:87.3,88.16 2 0
github.com/masa-finance/masa-oracle/pkg/llmbridge/sentiment.go:88.16,90.4 1 0
github.com/masa-finance/masa-oracle/pkg/llmbridge/sentiment.go:91.3,92.17 2 0
github.com/masa-finance/masa-oracle/pkg/llmbridge/sentiment.go:92.17,94.4 1 0
github.com/masa-finance/masa-oracle/pkg/llmbridge/sentiment.go:95.3,97.17 3 0
github.com/masa-finance/masa-oracle/pkg/llmbridge/sentiment.go:97.17,99.4 1 0
github.com/masa-finance/masa-oracle/pkg/llmbridge/sentiment.go:101.3,103.17 3 0
github.com/masa-finance/masa-oracle/pkg/llmbridge/sentiment.go:103.17,105.4 1 0
github.com/masa-finance/masa-oracle/pkg/llmbridge/sentiment.go:107.3,108.64 2 0
github.com/masa-finance/masa-oracle/pkg/llmbridge/sentiment.go:115.69,117.27 2 0
github.com/masa-finance/masa-oracle/pkg/llmbridge/sentiment.go:117.27,119.3 1 0
github.com/masa-finance/masa-oracle/pkg/llmbridge/sentiment.go:120.2,120.40 1 0
github.com/masa-finance/masa-oracle/pkg/llmbridge/sentiment.go:126.92,128.40 1 0
github.com/masa-finance/masa-oracle/pkg/llmbridge/sentiment.go:128.40,131.17 3 0
github.com/masa-finance/masa-oracle/pkg/llmbridge/sentiment.go:131.17,134.4 2 0
github.com/masa-finance/masa-oracle/pkg/llmbridge/sentiment.go:135.3,136.17 2 0
github.com/masa-finance/masa-oracle/pkg/llmbridge/sentiment.go:136.17,139.4 2 0
github.com/masa-finance/masa-oracle/pkg/llmbridge/sentiment.go:140.3,142.17 3 0
github.com/masa-finance/masa-oracle/pkg/llmbridge/sentiment.go:142.17,145.4 2 0
github.com/masa-finance/masa-oracle/pkg/llmbridge/sentiment.go:146.3,146.37 1 0
github.com/masa-finance/masa-oracle/pkg/llmbridge/sentiment.go:148.8,148.44 1 0
github.com/masa-finance/masa-oracle/pkg/llmbridge/sentiment.go:148.44,151.17 3 0
github.com/masa-finance/masa-oracle/pkg/llmbridge/sentiment.go:151.17,154.4 2 0
github.com/masa-finance/masa-oracle/pkg/llmbridge/sentiment.go:155.3,155.37 1 0
github.com/masa-finance/masa-oracle/pkg/llmbridge/sentiment.go:156.8,156.42 1 0
github.com/masa-finance/masa-oracle/pkg/llmbridge/sentiment.go:156.42,166.17 3 0
github.com/masa-finance/masa-oracle/pkg/llmbridge/sentiment.go:166.17,168.4 1 0
github.com/masa-finance/masa-oracle/pkg/llmbridge/sentiment.go:169.3,170.18 2 0
github.com/masa-finance/masa-oracle/pkg/llmbridge/sentiment.go:170.18,172.4 1 0
github.com/masa-finance/masa-oracle/pkg/llmbridge/sentiment.go:173.3,175.17 3 0
github.com/masa-finance/masa-oracle/pkg/llmbridge/sentiment.go:175.17,177.4 1 0
github.com/masa-finance/masa-oracle/pkg/llmbridge/sentiment.go:178.3,180.17 3 0
github.com/masa-finance/masa-oracle/pkg/llmbridge/sentiment.go:180.17,182.4 1 0
github.com/masa-finance/masa-oracle/pkg/llmbridge/sentiment.go:184.3,186.17 3 0
github.com/masa-finance/masa-oracle/pkg/llmbridge/sentiment.go:186.17,188.4 1 0
github.com/masa-finance/masa-oracle/pkg/llmbridge/sentiment.go:190.3,191.55 2 0
github.com/masa-finance/masa-oracle/pkg/llmbridge/sentiment.go:192.8,192.48 1 0
github.com/masa-finance/masa-oracle/pkg/llmbridge/sentiment.go:192.48,210.17 4 0
github.com/masa-finance/masa-oracle/pkg/llmbridge/sentiment.go:210.17,212.4 1 0
github.com/masa-finance/masa-oracle/pkg/llmbridge/sentiment.go:213.3,214.16 2 0
github.com/masa-finance/masa-oracle/pkg/llmbridge/sentiment.go:214.16,216.4 1 0
github.com/masa-finance/masa-oracle/pkg/llmbridge/sentiment.go:217.3,218.17 2 0
github.com/masa-finance/masa-oracle/pkg/llmbridge/sentiment.go:218.17,220.4 1 0
github.com/masa-finance/masa-oracle/pkg/llmbridge/sentiment.go:221.3,223.17 3 0
github.com/masa-finance/masa-oracle/pkg/llmbridge/sentiment.go:223.17,225.4 1 0
github.com/masa-finance/masa-oracle/pkg/llmbridge/sentiment.go:227.3,229.17 3 0
github.com/masa-finance/masa-oracle/pkg/llmbridge/sentiment.go:229.17,231.4 1 0
github.com/masa-finance/masa-oracle/pkg/llmbridge/sentiment.go:233.3,234.55 2 0
github.com/masa-finance/masa-oracle/pkg/llmbridge/sentiment.go:235.8,237.3 1 0
github.com/masa-finance/masa-oracle/pkg/llmbridge/sentiment.go:243.102,250.40 2 0
github.com/masa-finance/masa-oracle/pkg/llmbridge/sentiment.go:250.40,253.17 3 0
github.com/masa-finance/masa-oracle/pkg/llmbridge/sentiment.go:253.17,256.4 2 0
github.com/masa-finance/masa-oracle/pkg/llmbridge/sentiment.go:257.3,258.17 2 0
github.com/masa-finance/masa-oracle/pkg/llmbridge/sentiment.go:258.17,261.4 2 0
github.com/masa-finance/masa-oracle/pkg/llmbridge/sentiment.go:262.3,264.17 3 0
github.com/masa-finance/masa-oracle/pkg/llmbridge/sentiment.go:264.17,267.4 2 0
github.com/masa-finance/masa-oracle/pkg/llmbridge/sentiment.go:268.3,268.48 1 0
github.com/masa-finance/masa-oracle/pkg/llmbridge/sentiment.go:270.8,288.17 4 0
github.com/masa-finance/masa-oracle/pkg/llmbridge/sentiment.go:288.17,291.4 2 0
github.com/masa-finance/masa-oracle/pkg/llmbridge/sentiment.go:292.3,293.16 2 0
github.com/masa-finance/masa-oracle/pkg/llmbridge/sentiment.go:293.16,297.4 3 0
github.com/masa-finance/masa-oracle/pkg/llmbridge/sentiment.go:298.3,299.17 2 0
github.com/masa-finance/masa-oracle/pkg/llmbridge/sentiment.go:299.17,302.4 2 0
github.com/masa-finance/masa-oracle/pkg/llmbridge/sentiment.go:303.3,305.17 3 0
github.com/masa-finance/masa-oracle/pkg/llmbridge/sentiment.go:305.17,308.4 2 0
github.com/masa-finance/masa-oracle/pkg/llmbridge/sentiment.go:310.3,312.17 3 0
github.com/masa-finance/masa-oracle/pkg/llmbridge/sentiment.go:312.17,315.4 2 0
github.com/masa-finance/masa-oracle/pkg/llmbridge/sentiment.go:317.3,318.66 2 0
github.com/masa-finance/masa-oracle/pkg/llmbridge/sentiment.go:323.108,326.31 2 0
github.com/masa-finance/masa-oracle/pkg/llmbridge/sentiment.go:326.31,327.17 1 0
github.com/masa-finance/masa-oracle/pkg/llmbridge/sentiment.go:327.17,329.4 1 0
github.com/masa-finance/masa-oracle/pkg/llmbridge/sentiment.go:331.2,334.40 2 0
github.com/masa-finance/masa-oracle/pkg/llmbridge/sentiment.go:334.40,337.17 3 0
github.com/masa-finance/masa-oracle/pkg/llmbridge/sentiment.go:337.17,340.4 2 0
github.com/masa-finance/masa-oracle/pkg/llmbridge/sentiment.go:341.3,342.17 2 0
github.com/masa-finance/masa-oracle/pkg/llmbridge/sentiment.go:342.17,345.4 2 0
github.com/masa-finance/masa-oracle/pkg/llmbridge/sentiment.go:346.3,348.17 3 0
github.com/masa-finance/masa-oracle/pkg/llmbridge/sentiment.go:348.17,351.4 2 0
github.com/masa-finance/masa-oracle/pkg/llmbridge/sentiment.go:352.3,352.48 1 0
github.com/masa-finance/masa-oracle/pkg/llmbridge/sentiment.go:354.8,372.17 4 0
github.com/masa-finance/masa-oracle/pkg/llmbridge/sentiment.go:372.17,375.4 2 0
github.com/masa-finance/masa-oracle/pkg/llmbridge/sentiment.go:376.3,377.16 2 0
github.com/masa-finance/masa-oracle/pkg/llmbridge/sentiment.go:377.16,381.4 3 0
github.com/masa-finance/masa-oracle/pkg/llmbridge/sentiment.go:382.3,383.17 2 0
github.com/masa-finance/masa-oracle/pkg/llmbridge/sentiment.go:383.17,386.4 2 0
github.com/masa-finance/masa-oracle/pkg/llmbridge/sentiment.go:387.3,389.17 3 0
github.com/masa-finance/masa-oracle/pkg/llmbridge/sentiment.go:389.17,392.4 2 0
github.com/masa-finance/masa-oracle/pkg/llmbridge/sentiment.go:394.3,396.17 3 0
github.com/masa-finance/masa-oracle/pkg/llmbridge/sentiment.go:396.17,399.4 2 0
github.com/masa-finance/masa-oracle/pkg/llmbridge/sentiment.go:401.3,402.66 2 0
github.com/masa-finance/masa-oracle/pkg/pubsub/manager.go:31.78,33.16 2 0
github.com/masa-finance/masa-oracle/pkg/pubsub/manager.go:33.16,35.3 1 0
github.com/masa-finance/masa-oracle/pkg/pubsub/manager.go:36.2,45.21 2 0
github.com/masa-finance/masa-oracle/pkg/pubsub/manager.go:51.42,52.2 0 0
github.com/masa-finance/masa-oracle/pkg/pubsub/manager.go:57.73,59.16 2 0
github.com/masa-finance/masa-oracle/pkg/pubsub/manager.go:59.16,61.3 1 0
github.com/masa-finance/masa-oracle/pkg/pubsub/manager.go:62.2,63.19 2 0
github.com/masa-finance/masa-oracle/pkg/pubsub/manager.go:70.113,72.16 2 0
github.com/masa-finance/masa-oracle/pkg/pubsub/manager.go:72.16,74.3 1 0
github.com/masa-finance/masa-oracle/pkg/pubsub/manager.go:75.2,76.16 2 0
github.com/masa-finance/masa-oracle/pkg/pubsub/manager.go:76.16,78.3 1 0
github.com/masa-finance/masa-oracle/pkg/pubsub/manager.go:79.2,82.12 3 0
github.com/masa-finance/masa-oracle/pkg/pubsub/manager.go:82.12,83.7 1 0
github.com/masa-finance/masa-oracle/pkg/pubsub/manager.go:83.7,85.18 2 0
github.com/masa-finance/masa-oracle/pkg/pubsub/manager.go:85.18,87.41 2 0
github.com/masa-finance/masa-oracle/pkg/pubsub/manager.go:87.41,89.6 1 0
github.com/masa-finance/masa-oracle/pkg/pubsub/manager.go:90.5,90.13 1 0
github.com/masa-finance/masa-oracle/pkg/pubsub/manager.go:92.4,92.20 1 0
github.com/masa-finance/masa-oracle/pkg/pubsub/manager.go:92.20,96.13 1 0
github.com/masa-finance/masa-oracle/pkg/pubsub/manager.go:99.4,99.30 1 0
github.com/masa-finance/masa-oracle/pkg/pubsub/manager.go:103.2,103.12 1 0
github.com/masa-finance/masa-oracle/pkg/pubsub/manager.go:110.59,112.9 2 0
github.com/masa-finance/masa-oracle/pkg/pubsub/manager.go:112.9,114.3 1 0
github.com/masa-finance/masa-oracle/pkg/pubsub/manager.go:116.2,121.12 4 0
github.com/masa-finance/masa-oracle/pkg/pubsub/manager.go:126.80,128.9 2 0
github.com/masa-finance/masa-oracle/pkg/pubsub/manager.go:128.9,130.3 1 0
github.com/masa-finance/masa-oracle/pkg/pubsub/manager.go:131.2,131.17 1 0
github.com/masa-finance/masa-oracle/pkg/pubsub/manager.go:136.61,138.9 2 0
github.com/masa-finance/masa-oracle/pkg/pubsub/manager.go:138.9,140.3 1 0
github.com/masa-finance/masa-oracle/pkg/pubsub/manager.go:141.2,141.32 1 0
github.com/masa-finance/masa-oracle/pkg/pubsub/manager.go:146.80,148.9 2 0
github.com/masa-finance/masa-oracle/pkg/pubsub/manager.go:148.9,150.3 1 0
github.com/masa-finance/masa-oracle/pkg/pubsub/manager.go:151.2,151.21 1 0
github.com/masa-finance/masa-oracle/pkg/pubsub/manager.go:158.64,160.6 2 0
github.com/masa-finance/masa-oracle/pkg/pubsub/manager.go:160.6,162.17 2 0
github.com/masa-finance/masa-oracle/pkg/pubsub/manager.go:162.17,164.28 1 0
github.com/masa-finance/masa-oracle/pkg/pubsub/manager.go:164.28,165.13 1 0
github.com/masa-finance/masa-oracle/pkg/pubsub/manager.go:167.4,167.57 1 0
github.com/masa-finance/masa-oracle/pkg/pubsub/manager.go:169.3,169.55 1 0
github.com/masa-finance/masa-oracle/pkg/pubsub/manager.go:169.55,171.4 1 0
github.com/masa-finance/masa-oracle/pkg/pubsub/manager.go:176.45,178.30 2 0
github.com/masa-finance/masa-oracle/pkg/pubsub/manager.go:178.30,180.3 1 0
github.com/masa-finance/masa-oracle/pkg/pubsub/manager.go:181.2,181.19 1 0
github.com/masa-finance/masa-oracle/pkg/pubsub/manager.go:189.68,195.9 3 0
github.com/masa-finance/masa-oracle/pkg/pubsub/manager.go:195.9,199.17 3 0
github.com/masa-finance/masa-oracle/pkg/pubsub/manager.go:199.17,201.4 1 0
github.com/masa-finance/masa-oracle/pkg/pubsub/manager.go:205.2,205.32 1 0
github.com/masa-finance/masa-oracle/pkg/pubsub/manager.go:212.89,214.16 2 0
github.com/masa-finance/masa-oracle/pkg/pubsub/manager.go:214.16,216.3 1 0
github.com/masa-finance/masa-oracle/pkg/pubsub/manager.go:217.2,220.12 3 0
github.com/masa-finance/masa-oracle/pkg/pubsub/manager.go:220.12,221.7 1 0
github.com/masa-finance/masa-oracle/pkg/pubsub/manager.go:221.7,223.18 2 0
github.com/masa-finance/masa-oracle/pkg/pubsub/manager.go:223.18,225.41 2 0
github.com/masa-finance/masa-oracle/pkg/pubsub/manager.go:225.41,227.6 1 0
github.com/masa-finance/masa-oracle/pkg/pubsub/manager.go:228.5,228.13 1 0
github.com/masa-finance/masa-oracle/pkg/pubsub/manager.go:235.4,235.30 1 0
github.com/masa-finance/masa-oracle/pkg/pubsub/manager.go:238.2,238.12 1 0
github.com/masa-finance/masa-oracle/pkg/pubsub/node_data.go:24.55,27.57 2 0
github.com/masa-finance/masa-oracle/pkg/pubsub/node_data.go:27.57,29.3 1 0
github.com/masa-finance/masa-oracle/pkg/pubsub/node_data.go:32.2,33.16 2 0
github.com/masa-finance/masa-oracle/pkg/pubsub/node_data.go:33.16,35.3 1 0
github.com/masa-finance/masa-oracle/pkg/pubsub/node_data.go:37.2,38.12 2 0
github.com/masa-finance/masa-oracle/pkg/pubsub/node_data.go:77.102,92.2 3 0
github.com/masa-finance/masa-oracle/pkg/pubsub/node_data.go:97.37,99.28 1 0
github.com/masa-finance/masa-oracle/pkg/pubsub/node_data.go:99.28,101.3 1 0
github.com/masa-finance/masa-oracle/pkg/pubsub/node_data.go:102.2,102.78 1 0
github.com/masa-finance/masa-oracle/pkg/pubsub/node_data.go:116.42,118.2 1 0
github.com/masa-finance/masa-oracle/pkg/pubsub/node_data.go:122.62,123.17 1 0
github.com/masa-finance/masa-oracle/pkg/pubsub/node_data.go:123.17,125.3 1 0
github.com/masa-finance/masa-oracle/pkg/pubsub/node_data.go:126.2,126.20 1 0
github.com/masa-finance/masa-oracle/pkg/pubsub/node_data.go:127.23,128.28 1 0
github.com/masa-finance/masa-oracle/pkg/pubsub/node_data.go:129.23,130.28 1 0
github.com/masa-finance/masa-oracle/pkg/pubsub/node_data.go:131.24,132.29 1 0
github.com/masa-finance/masa-oracle/pkg/pubsub/node_data.go:133.19,134.24 1 0
github.com/masa-finance/masa-oracle/pkg/pubsub/node_data.go:135.10,136.15 1 0
github.com/masa-finance/masa-oracle/pkg/pubsub/node_data.go:142.42,144.2 1 0
github.com/masa-finance/masa-oracle/pkg/pubsub/node_data.go:148.42,150.2 1 0
github.com/masa-finance/masa-oracle/pkg/pubsub/node_data.go:154.43,156.2 1 0
github.com/masa-finance/masa-oracle/pkg/pubsub/node_data.go:160.38,162.2 1 0
github.com/masa-finance/masa-oracle/pkg/pubsub/node_data.go:166.47,168.28 2 0
github.com/masa-finance/masa-oracle/pkg/pubsub/node_data.go:168.28,170.3 1 0
github.com/masa-finance/masa-oracle/pkg/pubsub/node_data.go:171.2,179.16 7 0
github.com/masa-finance/masa-oracle/pkg/pubsub/node_data.go:179.16,181.3 1 0
github.com/masa-finance/masa-oracle/pkg/pubsub/node_data.go:181.8,183.3 1 0
github.com/masa-finance/masa-oracle/pkg/pubsub/node_data.go:189.27,190.32 1 0
github.com/masa-finance/masa-oracle/pkg/pubsub/node_data.go:190.32,192.3 1 0
github.com/masa-finance/masa-oracle/pkg/pubsub/node_data.go:193.2,201.16 8 0
github.com/masa-finance/masa-oracle/pkg/pubsub/node_data.go:201.16,203.3 1 0
github.com/masa-finance/masa-oracle/pkg/pubsub/node_data.go:203.8,205.3 1 0
github.com/masa-finance/masa-oracle/pkg/pubsub/node_data.go:211.53,212.34 1 0
github.com/masa-finance/masa-oracle/pkg/pubsub/node_data.go:212.34,214.3 1 0
github.com/masa-finance/masa-oracle/pkg/pubsub/node_data.go:215.2,215.10 1 0
github.com/masa-finance/masa-oracle/pkg/pubsub/node_data.go:220.57,223.2 2 0
github.com/masa-finance/masa-oracle/pkg/pubsub/node_data.go:229.46,230.32 1 0
github.com/masa-finance/masa-oracle/pkg/pubsub/node_data.go:230.32,235.3 2 0
github.com/masa-finance/masa-oracle/pkg/pubsub/node_data.go:235.8,235.41 1 0
github.com/masa-finance/masa-oracle/pkg/pubsub/node_data.go:235.41,240.59 2 0
github.com/masa-finance/masa-oracle/pkg/pubsub/node_data.go:240.59,242.4 1 0
github.com/masa-finance/masa-oracle/pkg/pubsub/node_data.go:245.2,245.49 1 0
github.com/masa-finance/masa-oracle/pkg/pubsub/node_data.go:245.49,247.49 2 0
github.com/masa-finance/masa-oracle/pkg/pubsub/node_data.go:247.49,249.4 1 0
github.com/masa-finance/masa-oracle/pkg/pubsub/node_data.go:251.2,251.55 1 0
[...]
github.com/masa-finance/masa-oracle/pkg/pubsub/manager.go:169.3,169.55 1 0
github.com/masa-finance/masa-oracle/pkg/pubsub/manager.go:169.55,171.4 1 0
github.com/masa-finance/masa-oracle/pkg/pubsub/manager.go:176.45,178.30 2 0
github.com/masa-finance/masa-oracle/pkg/pubsub/manager.go:178.30,180.3 1 0
github.com/masa-finance/masa-oracle/pkg/pubsub/manager.go:181.2,181.19 1 0
github.com/masa-finance/masa-oracle/pkg/pubsub/manager.go:189.68,195.9 3 0
github.com/masa-finance/masa-oracle/pkg/pubsub/manager.go:195.9,199.17 3 0
github.com/masa-finance/masa-oracle/pkg/pubsub/manager.go:199.17,201.4 1 0
github.com/masa-finance/masa-oracle/pkg/pubsub/manager.go:205.2,205.32 1 0
github.com/masa-finance/masa-oracle/pkg/pubsub/manager.go:212.89,214.16 2 0
github.com/masa-finance/masa-oracle/pkg/pubsub/manager.go:214.16,216.3 1 0
github.com/masa-finance/masa-oracle/pkg/pubsub/manager.go:217.2,220.12 3 0
github.com/masa-finance/masa-oracle/pkg/pubsub/manager.go:220.12,221.7 1 0
github.com/masa-finance/masa-oracle/pkg/pubsub/manager.go:221.7,223.18 2 0
github.com/masa-finance/masa-oracle/pkg/pubsub/manager.go:223.18,225.41 2 0
github.com/masa-finance/masa-oracle/pkg/pubsub/manager.go:225.41,227.6 1 0
github.com/masa-finance/masa-oracle/pkg/pubsub/manager.go:228.5,228.13 1 0
github.com/masa-finance/masa-oracle/pkg/pubsub/manager.go:235.4,235.30 1 0
github.com/masa-finance/masa-oracle/pkg/pubsub/manager.go:238.2,238.12 1 0
github.com/masa-finance/masa-oracle/pkg/pubsub/node_data.go:24.55,27.57 2 0
github.com/masa-finance/masa-oracle/pkg/pubsub/node_data.go:27.57,29.3 1 0
github.com/masa-finance/masa-oracle/pkg/pubsub/node_data.go:32.2,33.16 2 0
github.com/masa-finance/masa-oracle/pkg/pubsub/node_data.go:33.16,35.3 1 0
github.com/masa-finance/masa-oracle/pkg/pubsub/node_data.go:37.2,38.12 2 0
github.com/masa-finance/masa-oracle/pkg/pubsub/node_data.go:77.102,92.2 3 1
github.com/masa-finance/masa-oracle/pkg/pubsub/node_data.go:97.37,99.28 1 0
github.com/masa-finance/masa-oracle/pkg/pubsub/node_data.go:99.28,101.3 1 0
github.com/masa-finance/masa-oracle/pkg/pubsub/node_data.go:102.2,102.78 1 0
github.com/masa-finance/masa-oracle/pkg/pubsub/node_data.go:116.42,118.2 1 0
github.com/masa-finance/masa-oracle/pkg/pubsub/node_data.go:122.62,123.17 1 0
github.com/masa-finance/masa-oracle/pkg/pubsub/node_data.go:123.17,125.3 1 0
github.com/masa-finance/masa-oracle/pkg/pubsub/node_data.go:126.2,126.20 1 0
github.com/masa-finance/masa-oracle/pkg/pubsub/node_data.go:127.23,128.28 1 0
github.com/masa-finance/masa-oracle/pkg/pubsub/node_data.go:129.23,130.28 1 0
github.com/masa-finance/masa-oracle/pkg/pubsub/node_data.go:131.24,132.29 1 0
github.com/masa-finance/masa-oracle/pkg/pubsub/node_data.go:133.19,134.24 1 0
github.com/masa-finance/masa-oracle/pkg/pubsub/node_data.go:135.10,136.15 1 0
github.com/masa-finance/masa-oracle/pkg/pubsub/node_data.go:142.42,144.2 1 0
github.com/masa-finance/masa-oracle/pkg/pubsub/node_data.go:148.42,150.2 1 0
github.com/masa-finance/masa-oracle/pkg/pubsub/node_data.go:154.43,156.2 1 0
github.com/masa-finance/masa-oracle/pkg/pubsub/node_data.go:160.38,162.2 1 0
github.com/masa-finance/masa-oracle/pkg/pubsub/node_data.go:166.47,168.28 2 1
github.com/masa-finance/masa-oracle/pkg/pubsub/node_data.go:168.28,170.3 1 1
github.com/masa-finance/masa-oracle/pkg/pubsub/node_data.go:171.2,179.16 7 1
github.com/masa-finance/masa-oracle/pkg/pubsub/node_data.go:179.16,181.3 1 1
github.com/masa-finance/masa-oracle/pkg/pubsub/node_data.go:181.8,183.3 1 0
github.com/masa-finance/masa-oracle/pkg/pubsub/node_data.go:189.27,190.32 1 0
github.com/masa-finance/masa-oracle/pkg/pubsub/node_data.go:190.32,192.3 1 0
github.com/masa-finance/masa-oracle/pkg/pubsub/node_data.go:193.2,201.16 8 0
github.com/masa-finance/masa-oracle/pkg/pubsub/node_data.go:201.16,203.3 1 0
github.com/masa-finance/masa-oracle/pkg/pubsub/node_data.go:203.8,205.3 1 0
github.com/masa-finance/masa-oracle/pkg/pubsub/node_data.go:211.53,212.34 1 0
github.com/masa-finance/masa-oracle/pkg/pubsub/node_data.go:212.34,214.3 1 0
github.com/masa-finance/masa-oracle/pkg/pubsub/node_data.go:215.2,215.10 1 0
github.com/masa-finance/masa-oracle/pkg/pubsub/node_data.go:220.57,223.2 2 0
github.com/masa-finance/masa-oracle/pkg/pubsub/node_data.go:229.46,230.32 1 0
github.com/masa-finance/masa-oracle/pkg/pubsub/node_data.go:230.32,235.3 2 0
github.com/masa-finance/masa-oracle/pkg/pubsub/node_data.go:235.8,235.41 1 0
github.com/masa-finance/masa-oracle/pkg/pubsub/node_data.go:235.41,240.59 2 0
github.com/masa-finance/masa-oracle/pkg/pubsub/node_data.go:240.59,242.4 1 0
github.com/masa-finance/masa-oracle/pkg/pubsub/node_data.go:245.2,245.49 1 0
github.com/masa-finance/masa-oracle/pkg/pubsub/node_data.go:245.49,247.49 2 0
github.com/masa-finance/masa-oracle/pkg/pubsub/node_data.go:247.49,249.4 1 0
github.com/masa-finance/masa-oracle/pkg/pubsub/node_data.go:251.2,251.55 1 0
github.com/masa-finance/masa-oracle/pkg/pubsub/node_data.go:254.66,256.44 2 0
github.com/masa-finance/masa-oracle/pkg/pubsub/node_data.go:256.44,257.41 1 0
github.com/masa-finance/masa-oracle/pkg/pubsub/node_data.go:257.41,259.9 2 0
github.com/masa-finance/masa-oracle/pkg/pubsub/node_data.go:262.2,262.17 1 0
github.com/masa-finance/masa-oracle/pkg/pubsub/node_data.go:262.17,264.3 1 0
github.com/masa-finance/masa-oracle/pkg/pubsub/node_data.go:267.58,268.32 1 3
github.com/masa-finance/masa-oracle/pkg/pubsub/node_data.go:268.32,270.3 1 3
github.com/masa-finance/masa-oracle/pkg/pubsub/node_data.go:271.2,271.40 1 3
github.com/masa-finance/masa-oracle/pkg/pubsub/node_data.go:271.40,273.3 1 3
github.com/masa-finance/masa-oracle/pkg/pubsub/node_data.go:274.2,274.25 1 3
github.com/masa-finance/masa-oracle/pkg/pubsub/node_data.go:274.25,278.3 3 3
github.com/masa-finance/masa-oracle/pkg/pubsub/node_data.go:279.2,279.39 1 3
github.com/masa-finance/masa-oracle/pkg/pubsub/node_data.go:279.39,282.3 2 3
github.com/masa-finance/masa-oracle/pkg/pubsub/node_data.go:283.2,283.40 1 3
github.com/masa-finance/masa-oracle/pkg/pubsub/node_event_tracker.go:39.31,39.54 1 0
github.com/masa-finance/masa-oracle/pkg/pubsub/node_event_tracker.go:42.36,42.87 1 0
github.com/masa-finance/masa-oracle/pkg/pubsub/node_event_tracker.go:45.41,45.82 1 0
github.com/masa-finance/masa-oracle/pkg/pubsub/node_event_tracker.go:57.54,61.34 2 0
github.com/masa-finance/masa-oracle/pkg/pubsub/node_event_tracker.go:61.34,63.55 1 0
github.com/masa-finance/masa-oracle/pkg/pubsub/node_event_tracker.go:63.55,65.5 1 0
github.com/masa-finance/masa-oracle/pkg/pubsub/node_event_tracker.go:67.4,67.44 1 0
github.com/masa-finance/masa-oracle/pkg/pubsub/node_event_tracker.go:67.44,69.5 1 0
github.com/masa-finance/masa-oracle/pkg/pubsub/node_event_tracker.go:71.4,73.46 3 0
github.com/masa-finance/masa-oracle/pkg/pubsub/node_event_tracker.go:73.46,75.5 1 0
github.com/masa-finance/masa-oracle/pkg/pubsub/node_event_tracker.go:77.4,77.42 1 0
github.com/masa-finance/masa-oracle/pkg/pubsub/node_event_tracker.go:77.42,79.5 1 0
github.com/masa-finance/masa-oracle/pkg/pubsub/node_event_tracker.go:81.4,81.53 1 0
github.com/masa-finance/masa-oracle/pkg/pubsub/node_event_tracker.go:81.53,83.5 1 0
github.com/masa-finance/masa-oracle/pkg/pubsub/node_event_tracker.go:85.4,85.48 1 0
github.com/masa-finance/masa-oracle/pkg/pubsub/node_event_tracker.go:88.2,88.19 1 0
github.com/masa-finance/masa-oracle/pkg/pubsub/node_event_tracker.go:95.81,106.2 4 1
github.com/masa-finance/masa-oracle/pkg/pubsub/node_event_tracker.go:110.72,116.2 1 0
github.com/masa-finance/masa-oracle/pkg/pubsub/node_event_tracker.go:120.77,126.2 1 0
github.com/masa-finance/masa-oracle/pkg/pubsub/node_event_tracker.go:134.75,140.13 4 0
github.com/masa-finance/masa-oracle/pkg/pubsub/node_event_tracker.go:140.13,142.3 1 0
github.com/masa-finance/masa-oracle/pkg/pubsub/node_event_tracker.go:142.8,143.24 1 0
github.com/masa-finance/masa-oracle/pkg/pubsub/node_event_tracker.go:143.24,146.4 1 0
github.com/masa-finance/masa-oracle/pkg/pubsub/node_event_tracker.go:146.9,149.18 3 0
github.com/masa-finance/masa-oracle/pkg/pubsub/node_event_tracker.go:149.18,152.5 2 0
github.com/masa-finance/masa-oracle/pkg/pubsub/node_event_tracker.go:155.2,159.26 1 0
github.com/masa-finance/masa-oracle/pkg/pubsub/node_event_tracker.go:167.78,173.13 4 0
github.com/masa-finance/masa-oracle/pkg/pubsub/node_event_tracker.go:173.13,177.3 2 0
github.com/masa-finance/masa-oracle/pkg/pubsub/node_event_tracker.go:178.2,179.30 2 0
github.com/masa-finance/masa-oracle/pkg/pubsub/node_event_tracker.go:179.30,184.3 4 0
github.com/masa-finance/masa-oracle/pkg/pubsub/node_event_tracker.go:184.8,187.3 2 0
github.com/masa-finance/masa-oracle/pkg/pubsub/node_event_tracker.go:188.2,192.29 1 0
github.com/masa-finance/masa-oracle/pkg/pubsub/node_event_tracker.go:198.65,200.60 2 0
github.com/masa-finance/masa-oracle/pkg/pubsub/node_event_tracker.go:200.60,203.3 2 0
github.com/masa-finance/masa-oracle/pkg/pubsub/node_event_tracker.go:205.2,205.30 1 0
github.com/masa-finance/masa-oracle/pkg/pubsub/node_event_tracker.go:211.61,213.2 1 0
github.com/masa-finance/masa-oracle/pkg/pubsub/node_event_tracker.go:220.60,224.9 3 1
github.com/masa-finance/masa-oracle/pkg/pubsub/node_event_tracker.go:224.9,226.46 1 1
github.com/masa-finance/masa-oracle/pkg/pubsub/node_event_tracker.go:226.46,228.4 1 0
github.com/masa-finance/masa-oracle/pkg/pubsub/node_event_tracker.go:230.3,232.9 3 1
github.com/masa-finance/masa-oracle/pkg/pubsub/node_event_tracker.go:235.2,235.57 1 0
github.com/masa-finance/masa-oracle/pkg/pubsub/node_event_tracker.go:235.57,236.28 1 0
github.com/masa-finance/masa-oracle/pkg/pubsub/node_event_tracker.go:236.28,239.4 2 0
github.com/masa-finance/masa-oracle/pkg/pubsub/node_event_tracker.go:239.9,243.4 2 0
github.com/masa-finance/masa-oracle/pkg/pubsub/node_event_tracker.go:245.2,253.65 3 0
github.com/masa-finance/masa-oracle/pkg/pubsub/node_event_tracker.go:253.65,255.3 1 0
github.com/masa-finance/masa-oracle/pkg/pubsub/node_event_tracker.go:256.2,259.63 1 0
github.com/masa-finance/masa-oracle/pkg/pubsub/node_event_tracker.go:259.63,261.3 1 0
github.com/masa-finance/masa-oracle/pkg/pubsub/node_event_tracker.go:263.2,263.60 1 0
github.com/masa-finance/masa-oracle/pkg/pubsub/node_event_tracker.go:263.60,265.3 1 0
github.com/masa-finance/masa-oracle/pkg/pubsub/node_event_tracker.go:266.2,266.45 1 0
github.com/masa-finance/masa-oracle/pkg/pubsub/node_event_tracker.go:266.45,268.3 1 0
github.com/masa-finance/masa-oracle/pkg/pubsub/node_event_tracker.go:268.8,268.52 1 0
github.com/masa-finance/masa-oracle/pkg/pubsub/node_event_tracker.go:268.52,270.3 1 0
github.com/masa-finance/masa-oracle/pkg/pubsub/node_event_tracker.go:271.2,272.16 2 0
github.com/masa-finance/masa-oracle/pkg/pubsub/node_event_tracker.go:272.16,275.3 2 0
github.com/masa-finance/masa-oracle/pkg/pubsub/node_event_tracker.go:280.67,282.13 2 2
github.com/masa-finance/masa-oracle/pkg/pubsub/node_event_tracker.go:282.13,284.3 1 1
github.com/masa-finance/masa-oracle/pkg/pubsub/node_event_tracker.go:285.2,285.17 1 1
github.com/masa-finance/masa-oracle/pkg/pubsub/node_event_tracker.go:289.58,292.2 2 0
github.com/masa-finance/masa-oracle/pkg/pubsub/node_event_tracker.go:297.74,300.48 2 0
github.com/masa-finance/masa-oracle/pkg/pubsub/node_event_tracker.go:300.48,301.46 1 0
github.com/masa-finance/masa-oracle/pkg/pubsub/node_event_tracker.go:301.46,303.4 1 0
github.com/masa-finance/masa-oracle/pkg/pubsub/node_event_tracker.go:306.2,306.50 1 0
github.com/masa-finance/masa-oracle/pkg/pubsub/node_event_tracker.go:306.50,308.3 1 0
github.com/masa-finance/masa-oracle/pkg/pubsub/node_event_tracker.go:309.2,309.24 1 0
github.com/masa-finance/masa-oracle/pkg/pubsub/node_event_tracker.go:316.66,322.19 4 0
github.com/masa-finance/masa-oracle/pkg/pubsub/node_event_tracker.go:322.19,326.3 1 0
github.com/masa-finance/masa-oracle/pkg/pubsub/node_event_tracker.go:326.8,328.17 2 0
github.com/masa-finance/masa-oracle/pkg/pubsub/node_event_tracker.go:328.17,332.4 1 0
github.com/masa-finance/masa-oracle/pkg/pubsub/node_event_tracker.go:334.2,334.21 1 0
github.com/masa-finance/masa-oracle/pkg/pubsub/node_event_tracker.go:338.89,341.48 3 0
github.com/masa-finance/masa-oracle/pkg/pubsub/node_event_tracker.go:341.48,342.35 1 0
github.com/masa-finance/masa-oracle/pkg/pubsub/node_event_tracker.go:342.35,344.4 1 0
github.com/masa-finance/masa-oracle/pkg/pubsub/node_event_tracker.go:348.2,348.18 1 0
github.com/masa-finance/masa-oracle/pkg/pubsub/node_event_tracker.go:349.23,350.40 1 0
github.com/masa-finance/masa-oracle/pkg/pubsub/node_event_tracker.go:357.2,357.15 1 0
github.com/masa-finance/masa-oracle/pkg/pubsub/node_event_tracker.go:362.59,364.19 2 0
github.com/masa-finance/masa-oracle/pkg/pubsub/node_event_tracker.go:364.19,366.3 1 0
github.com/masa-finance/masa-oracle/pkg/pubsub/node_event_tracker.go:367.2,367.24 1 0
github.com/masa-finance/masa-oracle/pkg/pubsub/node_event_tracker.go:374.94,379.9 4 2
github.com/masa-finance/masa-oracle/pkg/pubsub/node_event_tracker.go:379.9,384.3 4 0
github.com/masa-finance/masa-oracle/pkg/pubsub/node_event_tracker.go:384.8,386.25 2 2
github.com/masa-finance/masa-oracle/pkg/pubsub/node_event_tracker.go:386.25,388.4 1 0
github.com/masa-finance/masa-oracle/pkg/pubsub/node_event_tracker.go:389.3,397.55 9 2
github.com/masa-finance/masa-oracle/pkg/pubsub/node_event_tracker.go:397.55,399.4 1 0
github.com/masa-finance/masa-oracle/pkg/pubsub/node_event_tracker.go:401.3,401.35 1 2
github.com/masa-finance/masa-oracle/pkg/pubsub/node_event_tracker.go:401.35,404.45 3 2
github.com/masa-finance/masa-oracle/pkg/pubsub/node_event_tracker.go:404.45,405.33 1 2
github.com/masa-finance/masa-oracle/pkg/pubsub/node_event_tracker.go:405.33,407.11 2 2
github.com/masa-finance/masa-oracle/pkg/pubsub/node_event_tracker.go:410.4,410.19 1 2
github.com/masa-finance/masa-oracle/pkg/pubsub/node_event_tracker.go:410.19,412.5 1 0
github.com/masa-finance/masa-oracle/pkg/pubsub/node_event_tracker.go:414.4,414.34 1 2
github.com/masa-finance/masa-oracle/pkg/pubsub/node_event_tracker.go:414.34,416.5 1 2
github.com/masa-finance/masa-oracle/pkg/pubsub/node_event_tracker.go:418.4,419.50 2 2
github.com/masa-finance/masa-oracle/pkg/pubsub/node_event_tracker.go:442.2,442.12 1 2
github.com/masa-finance/masa-oracle/pkg/pubsub/node_event_tracker.go:449.58,450.6 1 1
github.com/masa-finance/masa-oracle/pkg/pubsub/node_event_tracker.go:450.6,453.48 3 1
github.com/masa-finance/masa-oracle/pkg/pubsub/node_event_tracker.go:453.48,454.50 1 0
github.com/masa-finance/masa-oracle/pkg/pubsub/node_event_tracker.go:454.50,461.5 4 0
github.com/masa-finance/masa-oracle/pkg/pubsub/node_event_tracker.go:487.59,488.6 1 1
github.com/masa-finance/masa-oracle/pkg/pubsub/node_event_tracker.go:488.6,492.49 3 1
github.com/masa-finance/masa-oracle/pkg/pubsub/node_event_tracker.go:492.49,493.93 1 0
github.com/masa-finance/masa-oracle/pkg/pubsub/node_event_tracker.go:493.93,496.19 3 0
github.com/masa-finance/masa-oracle/pkg/pubsub/node_event_tracker.go:496.19,498.6 1 0
github.com/masa-finance/masa-oracle/pkg/pubsub/node_event_tracker.go:510.86,514.6 3 1
github.com/masa-finance/masa-oracle/pkg/pubsub/node_event_tracker.go:514.6,515.10 1 1
github.com/masa-finance/masa-oracle/pkg/pubsub/node_event_tracker.go:516.19,517.33 1 0
github.com/masa-finance/masa-oracle/pkg/pubsub/node_event_tracker.go:518.21,519.10 1 0
github.com/masa-finance/masa-oracle/pkg/pubsub/node_event_tracker.go:525.63,528.48 2 0
github.com/masa-finance/masa-oracle/pkg/pubsub/node_event_tracker.go:528.48,529.77 1 0
github.com/masa-finance/masa-oracle/pkg/pubsub/node_event_tracker.go:529.77,530.42 1 0
github.com/masa-finance/masa-oracle/pkg/pubsub/node_event_tracker.go:530.42,540.5 3 0
github.com/masa-finance/masa-oracle/pkg/pubsub/node_event_tracker.go:549.91,551.13 2 2
github.com/masa-finance/masa-oracle/pkg/pubsub/node_event_tracker.go:551.13,553.3 1 0
github.com/masa-finance/masa-oracle/pkg/pubsub/node_event_tracker.go:556.2,560.16 3 2
github.com/masa-finance/masa-oracle/pkg/pubsub/node_event_tracker.go:560.16,562.3 1 0
github.com/masa-finance/masa-oracle/pkg/pubsub/node_event_tracker.go:563.2,563.12 1 2
github.com/masa-finance/masa-oracle/pkg/pubsub/node_lifecycle_manager.go:23.111,27.16 3 0
github.com/masa-finance/masa-oracle/pkg/pubsub/node_lifecycle_manager.go:27.16,30.3 2 0
github.com/masa-finance/masa-oracle/pkg/pubsub/node_lifecycle_manager.go:32.2,33.16 2 0
github.com/masa-finance/masa-oracle/pkg/pubsub/node_lifecycle_manager.go:33.16,39.3 2 0
github.com/masa-finance/masa-oracle/pkg/pubsub/node_lifecycle_manager.go:41.2,41.55 1 0
github.com/masa-finance/masa-oracle/pkg/pubsub/node_lifecycle_manager.go:41.55,47.3 2 0
github.com/masa-finance/masa-oracle/pkg/pubsub/node_lifecycle_manager.go:49.2,54.12 2 0
github.com/masa-finance/masa-oracle/pkg/pubsub/public_key_topic.go:27.79,30.61 3 0
github.com/masa-finance/masa-oracle/pkg/pubsub/public_key_topic.go:30.61,33.3 2 0
github.com/masa-finance/masa-oracle/pkg/pubsub/public_key_topic.go:35.2,38.49 2 0
github.com/masa-finance/masa-oracle/pkg/pubsub/public_key_topic.go:38.49,39.53 1 0
github.com/masa-finance/masa-oracle/pkg/pubsub/public_key_topic.go:39.53,43.18 3 0
github.com/masa-finance/masa-oracle/pkg/pubsub/public_key_topic.go:43.18,46.5 2 0
github.com/masa-finance/masa-oracle/pkg/pubsub/public_key_topic.go:49.4,50.18 2 0
github.com/masa-finance/masa-oracle/pkg/pubsub/public_key_topic.go:50.18,53.5 2 0
github.com/masa-finance/masa-oracle/pkg/pubsub/public_key_topic.go:56.4,57.30 2 0
github.com/masa-finance/masa-oracle/pkg/pubsub/public_key_topic.go:57.30,60.5 2 0
github.com/masa-finance/masa-oracle/pkg/pubsub/public_key_topic.go:63.4,66.10 4 0
github.com/masa-finance/masa-oracle/pkg/pubsub/public_key_topic.go:71.2,71.34 1 0
github.com/masa-finance/masa-oracle/pkg/pubsub/public_key_topic.go:71.34,75.3 3 0
github.com/masa-finance/masa-oracle/pkg/pubsub/public_key_topic.go:79.81,82.2 2 0
github.com/masa-finance/masa-oracle/pkg/pubsub/safe_map.go:18.28,22.2 1 1
github.com/masa-finance/masa-oracle/pkg/pubsub/safe_map.go:26.53,30.2 3 3
github.com/masa-finance/masa-oracle/pkg/pubsub/safe_map.go:36.54,41.2 4 7
github.com/masa-finance/masa-oracle/pkg/pubsub/safe_map.go:45.39,49.2 3 0
github.com/masa-finance/masa-oracle/pkg/pubsub/safe_map.go:53.30,57.2 3 0
github.com/masa-finance/masa-oracle/pkg/pubsub/safe_map.go:63.53,67.36 4 0
github.com/masa-finance/masa-oracle/pkg/pubsub/safe_map.go:67.36,78.3 10 0
github.com/masa-finance/masa-oracle/pkg/pubsub/safe_map.go:80.2,80.41 1 0
github.com/masa-finance/masa-oracle/pkg/pubsub/safe_map.go:80.41,82.3 1 0
github.com/masa-finance/masa-oracle/pkg/pubsub/safe_map.go:83.2,83.15 1 0
github.com/masa-finance/masa-oracle/pkg/pubsub/safe_map.go:87.50,91.2 3 0
github.com/masa-finance/masa-oracle/pkg/pubsub/safe_map.go:94.50,98.2 3 0
github.com/masa-finance/masa-oracle/pkg/pubsub/safe_map.go:106.45,119.14 8 0
github.com/masa-finance/masa-oracle/pkg/pubsub/safe_map.go:119.14,121.3 1 0
github.com/masa-finance/masa-oracle/pkg/pubsub/safe_map.go:122.2,122.15 1 0
github.com/masa-finance/masa-oracle/pkg/pubsub/safe_map.go:122.15,124.3 1 0
github.com/masa-finance/masa-oracle/pkg/pubsub/safe_map.go:125.2,125.43 1 0
github.com/masa-finance/masa-oracle/pkg/pubsub/topic_handler.go:16.38,18.2 1 0
github.com/masa-finance/masa-oracle/pkg/pubsub/topic_handler.go:21.41,22.12 1 0
github.com/masa-finance/masa-oracle/pkg/pubsub/topic_handler.go:22.12,23.7 1 0
github.com/masa-finance/masa-oracle/pkg/pubsub/topic_handler.go:23.7,25.18 2 0
github.com/masa-finance/masa-oracle/pkg/pubsub/topic_handler.go:25.18,28.5 2 0
github.com/masa-finance/masa-oracle/pkg/pubsub/topic_handler.go:29.4,29.24 1 0
github.com/masa-finance/masa-oracle/pkg/pubsub/topic_handler.go:35.59,37.2 1 0
github.com/masa-finance/masa-oracle/pkg/pubsub/worker_tracker.go:28.63,31.16 3 0
github.com/masa-finance/masa-oracle/pkg/pubsub/worker_tracker.go:31.16,34.3 2 0
github.com/masa-finance/masa-oracle/pkg/pubsub/worker_tracker.go:35.2,38.23 4 0
